[2025-02-11 16:44:08.814]  INFO 9436 --- [       Thread-9] o.s.c.s.DefaultLifecycleProcessor        : Shutdown phase 2147482623 ends with 1 bean still running after timeout of 30000ms: [webServerGracefulShutdown]
[2025-02-11 16:44:08.818]  INFO 9436 --- [       Thread-9] o.a.c.h.Http11NioProtocol                : Stopping ProtocolHandler ["http-nio-8080"]
[2025-02-11 16:44:08.845]  INFO 9436 --- [tomcat-shutdown] o.s.b.w.e.t.GracefulShutdown             : Graceful shutdown aborted with one or more requests still active
[2025-02-11 16:44:13.880]  WARN 9436 --- [       Thread-9] o.a.t.u.n.NioEndpoint                    : The executor associated with thread pool [http-nio-8080] has not fully shutdown. Some application threads may still be running.
[2025-02-11 16:44:13.885]  INFO 9436 --- [       Thread-9] c.z.h.HikariDataSource                   : HikariPool-2 - Shutdown initiated...
[2025-02-11 16:44:13.957]  INFO 9436 --- [       Thread-9] c.z.h.HikariDataSource                   : HikariPool-2 - Shutdown completed.
[2025-02-11 16:44:19.276]  INFO 9436 --- [  restartedMain] k.c.g.SpringProject4Application          : 스프링 프로젝트가 시작중입니다.
[2025-02-11 16:44:19.398]  INFO 9436 --- [  restartedMain] k.c.g.SpringProject4Application          : Starting SpringProject4Application using Java 17.0.12 with PID 9436 (C:\Dev\spring_work_sapce\SpringProject-4\bin\main started by GR802 in C:\Dev\spring_work_sapce\SpringProject-4)
[2025-02-11 16:44:19.398]  INFO 9436 --- [  restartedMain] k.c.g.SpringProject4Application          : No active profile set, falling back to 1 default profile: "default"
[2025-02-11 16:44:20.763]  INFO 9436 --- [  restartedMain] o.s.b.w.e.t.TomcatWebServer              : Tomcat initialized with port 8080 (http)
[2025-02-11 16:44:20.765]  INFO 9436 --- [  restartedMain] o.a.c.h.Http11NioProtocol                : Initializing ProtocolHandler ["http-nio-8080"]
[2025-02-11 16:44:20.765]  INFO 9436 --- [  restartedMain] o.a.c.c.StandardService                  : Starting service [Tomcat]
[2025-02-11 16:44:20.766]  INFO 9436 --- [  restartedMain] o.a.c.c.StandardEngine                   : Starting Servlet engine: [Apache Tomcat/10.1.34]
[2025-02-11 16:44:20.786]  INFO 9436 --- [  restartedMain] o.a.c.c.C.[.[.[/]                        : Initializing Spring embedded WebApplicationContext
[2025-02-11 16:44:20.786]  INFO 9436 --- [  restartedMain] w.s.c.ServletWebServerApplicationContext : Root WebApplicationContext: initialization completed in 1385 ms
[2025-02-11 16:44:26.699]  WARN 9436 --- [  restartedMain] .s.s.UserDetailsServiceAutoConfiguration : 

Using generated security password: fb7bde90-014d-4859-add3-dfa09e029567

This generated password is for development use only. Your security configuration must be updated before running your application in production.

[2025-02-11 16:44:26.700]  INFO 9436 --- [  restartedMain] r$InitializeUserDetailsManagerConfigurer : Global AuthenticationManager configured with UserDetailsService bean with name inMemoryUserDetailsManager
[2025-02-11 16:44:27.012]  INFO 9436 --- [  restartedMain] o.s.b.d.a.OptionalLiveReloadServer       : LiveReload server is running on port 35729
[2025-02-11 16:44:27.023]  INFO 9436 --- [  restartedMain] o.a.c.h.Http11NioProtocol                : Starting ProtocolHandler ["http-nio-8080"]
[2025-02-11 16:44:27.026]  INFO 9436 --- [  restartedMain] o.s.b.w.e.t.TomcatWebServer              : Tomcat started on port 8080 (http) with context path '/'
[2025-02-11 16:44:27.033]  INFO 9436 --- [  restartedMain] k.c.g.SpringProject4Application          : Started SpringProject4Application in 7.753 seconds (process running for 335.849)
[2025-02-11 16:44:27.034]  INFO 9436 --- [  restartedMain] .ConditionEvaluationDeltaLoggingListener : Condition evaluation unchanged
[2025-02-11 16:44:27.034]  INFO 9436 --- [  restartedMain] k.c.g.SpringProject4Application          : 스프링 프로젝트가 성공적으로 시작되었습니다.
[2025-02-11 16:44:53.332]  INFO 9436 --- [nio-8080-exec-3] o.a.c.c.C.[.[.[/]                        : Initializing Spring DispatcherServlet 'dispatcherServlet'
[2025-02-11 16:44:53.332]  INFO 9436 --- [nio-8080-exec-3] o.s.w.s.DispatcherServlet                : Initializing Servlet 'dispatcherServlet'
[2025-02-11 16:44:53.333]  INFO 9436 --- [nio-8080-exec-3] o.s.w.s.DispatcherServlet                : Completed initialization in 1 ms
