[2025-02-11 17:12:06.489]  INFO 7724 --- [   File Watcher] rtingClassPathChangeChangedEventListener : Restarting due to 1 class path change (0 additions, 0 deletions, 1 modification)
[2025-02-11 17:12:06.499]  INFO 7724 --- [      Thread-17] o.s.b.w.e.t.GracefulShutdown             : Commencing graceful shutdown. Waiting for active requests to complete
[2025-02-11 17:12:06.501]  INFO 7724 --- [tomcat-shutdown] o.a.c.h.Http11NioProtocol                : Pausing ProtocolHandler ["http-nio-8080"]
[2025-02-11 17:12:06.595]  INFO 7724 --- [tomcat-shutdown] o.s.b.w.e.t.GracefulShutdown             : Graceful shutdown complete
[2025-02-11 17:12:06.596]  INFO 7724 --- [      Thread-17] o.a.c.h.Http11NioProtocol                : Stopping ProtocolHandler ["http-nio-8080"]
[2025-02-11 17:12:06.599]  INFO 7724 --- [      Thread-17] c.z.h.HikariDataSource                   : HikariPool-3 - Shutdown initiated...
[2025-02-11 17:12:06.606]  INFO 7724 --- [      Thread-17] c.z.h.HikariDataSource                   : HikariPool-3 - Shutdown completed.
[2025-02-11 17:12:06.644]  INFO 7724 --- [  restartedMain] k.c.g.SpringProject4Application          : 스프링 프로젝트가 시작중입니다.
[2025-02-11 17:12:06.687]  INFO 7724 --- [  restartedMain] k.c.g.SpringProject4Application          : Starting SpringProject4Application using Java 17.0.12 with PID 7724 (C:\Dev\spring_work_sapce\SpringProject-4\bin\main started by GR802 in C:\Dev\spring_work_sapce\SpringProject-4)
[2025-02-11 17:12:06.688]  INFO 7724 --- [  restartedMain] k.c.g.SpringProject4Application          : No active profile set, falling back to 1 default profile: "default"
[2025-02-11 17:12:06.951]  INFO 7724 --- [  restartedMain] o.s.b.w.e.t.TomcatWebServer              : Tomcat initialized with port 8080 (http)
[2025-02-11 17:12:06.952]  INFO 7724 --- [  restartedMain] o.a.c.h.Http11NioProtocol                : Initializing ProtocolHandler ["http-nio-8080"]
[2025-02-11 17:12:06.952]  INFO 7724 --- [  restartedMain] o.a.c.c.StandardService                  : Starting service [Tomcat]
[2025-02-11 17:12:06.953]  INFO 7724 --- [  restartedMain] o.a.c.c.StandardEngine                   : Starting Servlet engine: [Apache Tomcat/10.1.34]
[2025-02-11 17:12:06.964]  INFO 7724 --- [  restartedMain] o.a.c.c.C.[.[.[/]                        : Initializing Spring embedded WebApplicationContext
[2025-02-11 17:12:06.964]  INFO 7724 --- [  restartedMain] w.s.c.ServletWebServerApplicationContext : Root WebApplicationContext: initialization completed in 274 ms
[2025-02-11 17:12:07.043]  WARN 7724 --- [  restartedMain] .s.s.UserDetailsServiceAutoConfiguration : 

Using generated security password: a0464cdc-04af-466c-ae3e-e3c9f15a4eea

This generated password is for development use only. Your security configuration must be updated before running your application in production.

[2025-02-11 17:12:07.044]  INFO 7724 --- [  restartedMain] r$InitializeUserDetailsManagerConfigurer : Global AuthenticationManager configured with UserDetailsService bean with name inMemoryUserDetailsManager
[2025-02-11 17:12:07.158]  INFO 7724 --- [  restartedMain] o.s.b.d.a.OptionalLiveReloadServer       : LiveReload server is running on port 35729
[2025-02-11 17:12:07.166]  INFO 7724 --- [  restartedMain] o.a.c.h.Http11NioProtocol                : Starting ProtocolHandler ["http-nio-8080"]
[2025-02-11 17:12:07.169]  INFO 7724 --- [  restartedMain] o.s.b.w.e.t.TomcatWebServer              : Tomcat started on port 8080 (http) with context path '/'
[2025-02-11 17:12:07.173]  INFO 7724 --- [  restartedMain] k.c.g.SpringProject4Application          : Started SpringProject4Application in 0.526 seconds (process running for 309.21)
[2025-02-11 17:12:07.175]  INFO 7724 --- [  restartedMain] .ConditionEvaluationDeltaLoggingListener : Condition evaluation unchanged
[2025-02-11 17:12:07.175]  INFO 7724 --- [  restartedMain] k.c.g.SpringProject4Application          : 스프링 프로젝트가 성공적으로 시작되었습니다.
[2025-02-11 17:12:22.157]  INFO 7724 --- [   File Watcher] rtingClassPathChangeChangedEventListener : Restarting due to 1 class path change (0 additions, 0 deletions, 1 modification)
[2025-02-11 17:12:22.158]  INFO 7724 --- [      Thread-21] o.s.b.w.e.t.GracefulShutdown             : Commencing graceful shutdown. Waiting for active requests to complete
[2025-02-11 17:12:22.159]  INFO 7724 --- [tomcat-shutdown] o.a.c.h.Http11NioProtocol                : Pausing ProtocolHandler ["http-nio-8080"]
[2025-02-11 17:12:22.224]  INFO 7724 --- [tomcat-shutdown] o.s.b.w.e.t.GracefulShutdown             : Graceful shutdown complete
[2025-02-11 17:12:22.224]  INFO 7724 --- [      Thread-21] o.a.c.h.Http11NioProtocol                : Stopping ProtocolHandler ["http-nio-8080"]
[2025-02-11 17:12:22.264]  INFO 7724 --- [  restartedMain] k.c.g.SpringProject4Application          : 스프링 프로젝트가 시작중입니다.
[2025-02-11 17:12:22.304]  INFO 7724 --- [  restartedMain] k.c.g.SpringProject4Application          : Starting SpringProject4Application using Java 17.0.12 with PID 7724 (C:\Dev\spring_work_sapce\SpringProject-4\bin\main started by GR802 in C:\Dev\spring_work_sapce\SpringProject-4)
[2025-02-11 17:12:22.305]  INFO 7724 --- [  restartedMain] k.c.g.SpringProject4Application          : No active profile set, falling back to 1 default profile: "default"
[2025-02-11 17:12:22.548]  INFO 7724 --- [  restartedMain] o.s.b.w.e.t.TomcatWebServer              : Tomcat initialized with port 8080 (http)
[2025-02-11 17:12:22.549]  INFO 7724 --- [  restartedMain] o.a.c.h.Http11NioProtocol                : Initializing ProtocolHandler ["http-nio-8080"]
[2025-02-11 17:12:22.549]  INFO 7724 --- [  restartedMain] o.a.c.c.StandardService                  : Starting service [Tomcat]
[2025-02-11 17:12:22.549]  INFO 7724 --- [  restartedMain] o.a.c.c.StandardEngine                   : Starting Servlet engine: [Apache Tomcat/10.1.34]
[2025-02-11 17:12:22.562]  INFO 7724 --- [  restartedMain] o.a.c.c.C.[.[.[/]                        : Initializing Spring embedded WebApplicationContext
[2025-02-11 17:12:22.562]  INFO 7724 --- [  restartedMain] w.s.c.ServletWebServerApplicationContext : Root WebApplicationContext: initialization completed in 256 ms
[2025-02-11 17:12:22.634]  WARN 7724 --- [  restartedMain] .s.s.UserDetailsServiceAutoConfiguration : 

Using generated security password: 99dcae7a-dbac-4239-9e2f-ef02b6b5b9b7

This generated password is for development use only. Your security configuration must be updated before running your application in production.

[2025-02-11 17:12:22.634]  INFO 7724 --- [  restartedMain] r$InitializeUserDetailsManagerConfigurer : Global AuthenticationManager configured with UserDetailsService bean with name inMemoryUserDetailsManager
[2025-02-11 17:12:22.726]  INFO 7724 --- [  restartedMain] o.s.b.d.a.OptionalLiveReloadServer       : LiveReload server is running on port 35729
[2025-02-11 17:12:22.732]  INFO 7724 --- [  restartedMain] o.a.c.h.Http11NioProtocol                : Starting ProtocolHandler ["http-nio-8080"]
[2025-02-11 17:12:22.735]  INFO 7724 --- [  restartedMain] o.s.b.w.e.t.TomcatWebServer              : Tomcat started on port 8080 (http) with context path '/'
[2025-02-11 17:12:22.740]  INFO 7724 --- [  restartedMain] k.c.g.SpringProject4Application          : Started SpringProject4Application in 0.472 seconds (process running for 324.776)
[2025-02-11 17:12:22.742]  INFO 7724 --- [  restartedMain] .ConditionEvaluationDeltaLoggingListener : Condition evaluation unchanged
[2025-02-11 17:12:22.742]  INFO 7724 --- [  restartedMain] k.c.g.SpringProject4Application          : 스프링 프로젝트가 성공적으로 시작되었습니다.
[2025-02-11 17:12:29.333]  INFO 7724 --- [   File Watcher] rtingClassPathChangeChangedEventListener : Restarting due to 1 class path change (0 additions, 0 deletions, 1 modification)
[2025-02-11 17:12:29.336]  INFO 7724 --- [      Thread-25] o.s.b.w.e.t.GracefulShutdown             : Commencing graceful shutdown. Waiting for active requests to complete
[2025-02-11 17:12:29.337]  INFO 7724 --- [tomcat-shutdown] o.a.c.h.Http11NioProtocol                : Pausing ProtocolHandler ["http-nio-8080"]
[2025-02-11 17:12:29.417]  INFO 7724 --- [tomcat-shutdown] o.s.b.w.e.t.GracefulShutdown             : Graceful shutdown complete
[2025-02-11 17:12:29.418]  INFO 7724 --- [      Thread-25] o.a.c.h.Http11NioProtocol                : Stopping ProtocolHandler ["http-nio-8080"]
[2025-02-11 17:12:29.456]  INFO 7724 --- [  restartedMain] k.c.g.SpringProject4Application          : 스프링 프로젝트가 시작중입니다.
[2025-02-11 17:12:29.496]  INFO 7724 --- [  restartedMain] k.c.g.SpringProject4Application          : Starting SpringProject4Application using Java 17.0.12 with PID 7724 (C:\Dev\spring_work_sapce\SpringProject-4\bin\main started by GR802 in C:\Dev\spring_work_sapce\SpringProject-4)
[2025-02-11 17:12:29.496]  INFO 7724 --- [  restartedMain] k.c.g.SpringProject4Application          : No active profile set, falling back to 1 default profile: "default"
[2025-02-11 17:12:29.730]  INFO 7724 --- [  restartedMain] o.s.b.w.e.t.TomcatWebServer              : Tomcat initialized with port 8080 (http)
[2025-02-11 17:12:29.730]  INFO 7724 --- [  restartedMain] o.a.c.h.Http11NioProtocol                : Initializing ProtocolHandler ["http-nio-8080"]
[2025-02-11 17:12:29.731]  INFO 7724 --- [  restartedMain] o.a.c.c.StandardService                  : Starting service [Tomcat]
[2025-02-11 17:12:29.731]  INFO 7724 --- [  restartedMain] o.a.c.c.StandardEngine                   : Starting Servlet engine: [Apache Tomcat/10.1.34]
[2025-02-11 17:12:29.744]  INFO 7724 --- [  restartedMain] o.a.c.c.C.[.[.[/]                        : Initializing Spring embedded WebApplicationContext
[2025-02-11 17:12:29.744]  INFO 7724 --- [  restartedMain] w.s.c.ServletWebServerApplicationContext : Root WebApplicationContext: initialization completed in 246 ms
[2025-02-11 17:12:29.819]  WARN 7724 --- [  restartedMain] .s.s.UserDetailsServiceAutoConfiguration : 

Using generated security password: 701aa0c5-182f-4234-870e-23f269575408

This generated password is for development use only. Your security configuration must be updated before running your application in production.

[2025-02-11 17:12:29.820]  INFO 7724 --- [  restartedMain] r$InitializeUserDetailsManagerConfigurer : Global AuthenticationManager configured with UserDetailsService bean with name inMemoryUserDetailsManager
[2025-02-11 17:12:29.908]  INFO 7724 --- [  restartedMain] o.s.b.d.a.OptionalLiveReloadServer       : LiveReload server is running on port 35729
[2025-02-11 17:12:29.920]  INFO 7724 --- [  restartedMain] o.a.c.h.Http11NioProtocol                : Starting ProtocolHandler ["http-nio-8080"]
[2025-02-11 17:12:29.922]  INFO 7724 --- [  restartedMain] o.s.b.w.e.t.TomcatWebServer              : Tomcat started on port 8080 (http) with context path '/'
[2025-02-11 17:12:29.928]  INFO 7724 --- [  restartedMain] k.c.g.SpringProject4Application          : Started SpringProject4Application in 0.47 seconds (process running for 331.964)
[2025-02-11 17:12:29.929]  INFO 7724 --- [  restartedMain] .ConditionEvaluationDeltaLoggingListener : Condition evaluation unchanged
[2025-02-11 17:12:29.929]  INFO 7724 --- [  restartedMain] k.c.g.SpringProject4Application          : 스프링 프로젝트가 성공적으로 시작되었습니다.
[2025-02-11 17:12:45.023]  INFO 7724 --- [   File Watcher] rtingClassPathChangeChangedEventListener : Restarting due to 1 class path change (0 additions, 0 deletions, 1 modification)
[2025-02-11 17:12:45.024]  INFO 7724 --- [      Thread-29] o.s.b.w.e.t.GracefulShutdown             : Commencing graceful shutdown. Waiting for active requests to complete
[2025-02-11 17:12:45.024]  INFO 7724 --- [tomcat-shutdown] o.a.c.h.Http11NioProtocol                : Pausing ProtocolHandler ["http-nio-8080"]
[2025-02-11 17:12:45.085]  INFO 7724 --- [tomcat-shutdown] o.s.b.w.e.t.GracefulShutdown             : Graceful shutdown complete
[2025-02-11 17:12:45.085]  INFO 7724 --- [      Thread-29] o.a.c.h.Http11NioProtocol                : Stopping ProtocolHandler ["http-nio-8080"]
[2025-02-11 17:12:45.123]  INFO 7724 --- [  restartedMain] k.c.g.SpringProject4Application          : 스프링 프로젝트가 시작중입니다.
[2025-02-11 17:12:45.164]  INFO 7724 --- [  restartedMain] k.c.g.SpringProject4Application          : Starting SpringProject4Application using Java 17.0.12 with PID 7724 (C:\Dev\spring_work_sapce\SpringProject-4\bin\main started by GR802 in C:\Dev\spring_work_sapce\SpringProject-4)
[2025-02-11 17:12:45.165]  INFO 7724 --- [  restartedMain] k.c.g.SpringProject4Application          : No active profile set, falling back to 1 default profile: "default"
[2025-02-11 17:12:45.397]  INFO 7724 --- [  restartedMain] o.s.b.w.e.t.TomcatWebServer              : Tomcat initialized with port 8080 (http)
[2025-02-11 17:12:45.398]  INFO 7724 --- [  restartedMain] o.a.c.h.Http11NioProtocol                : Initializing ProtocolHandler ["http-nio-8080"]
[2025-02-11 17:12:45.398]  INFO 7724 --- [  restartedMain] o.a.c.c.StandardService                  : Starting service [Tomcat]
[2025-02-11 17:12:45.399]  INFO 7724 --- [  restartedMain] o.a.c.c.StandardEngine                   : Starting Servlet engine: [Apache Tomcat/10.1.34]
[2025-02-11 17:12:45.411]  INFO 7724 --- [  restartedMain] o.a.c.c.C.[.[.[/]                        : Initializing Spring embedded WebApplicationContext
[2025-02-11 17:12:45.411]  INFO 7724 --- [  restartedMain] w.s.c.ServletWebServerApplicationContext : Root WebApplicationContext: initialization completed in 245 ms
[2025-02-11 17:12:45.489]  WARN 7724 --- [  restartedMain] .s.s.UserDetailsServiceAutoConfiguration : 

Using generated security password: bb8de58c-ab24-438e-9d9d-b25eeb5b0330

This generated password is for development use only. Your security configuration must be updated before running your application in production.

[2025-02-11 17:12:45.489]  INFO 7724 --- [  restartedMain] r$InitializeUserDetailsManagerConfigurer : Global AuthenticationManager configured with UserDetailsService bean with name inMemoryUserDetailsManager
[2025-02-11 17:12:45.575]  INFO 7724 --- [  restartedMain] o.s.b.d.a.OptionalLiveReloadServer       : LiveReload server is running on port 35729
[2025-02-11 17:12:45.583]  INFO 7724 --- [  restartedMain] o.a.c.h.Http11NioProtocol                : Starting ProtocolHandler ["http-nio-8080"]
[2025-02-11 17:12:45.588]  INFO 7724 --- [  restartedMain] o.s.b.w.e.t.TomcatWebServer              : Tomcat started on port 8080 (http) with context path '/'
[2025-02-11 17:12:45.595]  INFO 7724 --- [  restartedMain] k.c.g.SpringProject4Application          : Started SpringProject4Application in 0.468 seconds (process running for 347.631)
[2025-02-11 17:12:45.596]  INFO 7724 --- [  restartedMain] .ConditionEvaluationDeltaLoggingListener : Condition evaluation unchanged
[2025-02-11 17:12:45.596]  INFO 7724 --- [  restartedMain] k.c.g.SpringProject4Application          : 스프링 프로젝트가 성공적으로 시작되었습니다.
