[2025-02-10 11:05:02.994]  INFO 14496 --- [n(18)-127.0.0.1] inMXBeanRegistrar$SpringApplicationAdmin : Application shutdown requested.
[2025-02-10 11:05:02.998]  INFO 14496 --- [n(18)-127.0.0.1] o.s.b.w.e.t.GracefulShutdown             : Commencing graceful shutdown. Waiting for active requests to complete
[2025-02-10 11:05:02.999]  INFO 14496 --- [tomcat-shutdown] o.a.c.h.Http11NioProtocol                : Pausing ProtocolHandler ["http-nio-8080"]
[2025-02-10 11:05:03.059]  INFO 14496 --- [tomcat-shutdown] o.s.b.w.e.t.GracefulShutdown             : Graceful shutdown complete
[2025-02-10 11:05:03.060]  INFO 14496 --- [n(18)-127.0.0.1] o.a.c.h.Http11NioProtocol                : Stopping ProtocolHandler ["http-nio-8080"]
[2025-02-10 11:05:04.501]  INFO ${sys:PID} --- [           main] k.c.g.SpringProject4Application          : 스프링 프로젝트가 시작중입니다.
[2025-02-10 11:05:04.621]  INFO ${sys:PID} --- [  restartedMain] k.c.g.SpringProject4Application          : 스프링 프로젝트가 시작중입니다.
[2025-02-10 11:05:04.931]  INFO 15200 --- [  restartedMain] k.c.g.SpringProject4Application          : Starting SpringProject4Application using Java 17.0.12 with PID 15200 (C:\Dev\spring_work_sapce\SpringProject-4\bin\main started by GR802 in C:\Dev\spring_work_sapce\SpringProject-4)
[2025-02-10 11:05:04.936]  INFO 15200 --- [  restartedMain] k.c.g.SpringProject4Application          : No active profile set, falling back to 1 default profile: "default"
[2025-02-10 11:05:04.974]  INFO 15200 --- [  restartedMain] o.s.b.d.r.ChangeableUrls                 : The Class-Path manifest attribute in C:\Users\GR802\.gradle\caches\modules-2\files-2.1\com.oracle.database.jdbc\ojdbc11\23.3.0.23.09\405bcbc8d8dab59f562125fa1d2b7e06d21649f3\ojdbc11-23.3.0.23.09.jar referenced one or more files that do not exist: file:/C:/Users/GR802/.gradle/caches/modules-2/files-2.1/com.oracle.database.jdbc/ojdbc11/23.3.0.23.09/405bcbc8d8dab59f562125fa1d2b7e06d21649f3/oraclepki.jar
[2025-02-10 11:05:04.975]  INFO 15200 --- [  restartedMain] .e.DevToolsPropertyDefaultsPostProcessor : Devtools property defaults active! Set 'spring.devtools.add-properties' to 'false' to disable
[2025-02-10 11:05:04.975]  INFO 15200 --- [  restartedMain] .e.DevToolsPropertyDefaultsPostProcessor : For additional web related logging consider setting the 'logging.level.web' property to 'DEBUG'
[2025-02-10 11:05:05.634]  WARN 15200 --- [  restartedMain] o.m.s.m.ClassPathMapperScanner           : No MyBatis mapper was found in '[kr.co.green]' package. Please check your configuration.
[2025-02-10 11:05:05.978]  INFO 15200 --- [  restartedMain] o.s.b.w.e.t.TomcatWebServer              : Tomcat initialized with port 8080 (http)
[2025-02-10 11:05:05.992]  INFO 15200 --- [  restartedMain] o.a.c.h.Http11NioProtocol                : Initializing ProtocolHandler ["http-nio-8080"]
[2025-02-10 11:05:05.994]  INFO 15200 --- [  restartedMain] o.a.c.c.StandardService                  : Starting service [Tomcat]
[2025-02-10 11:05:05.994]  INFO 15200 --- [  restartedMain] o.a.c.c.StandardEngine                   : Starting Servlet engine: [Apache Tomcat/10.1.34]
[2025-02-10 11:05:06.045]  INFO 15200 --- [  restartedMain] o.a.c.c.C.[.[.[/]                        : Initializing Spring embedded WebApplicationContext
[2025-02-10 11:05:06.046]  INFO 15200 --- [  restartedMain] w.s.c.ServletWebServerApplicationContext : Root WebApplicationContext: initialization completed in 1069 ms
[2025-02-10 11:05:06.147]  WARN 15200 --- [  restartedMain] .s.s.UserDetailsServiceAutoConfiguration : 

Using generated security password: 032ff023-a5f8-42b7-96ba-451ba21caea0

This generated password is for development use only. Your security configuration must be updated before running your application in production.

[2025-02-10 11:05:06.154]  INFO 15200 --- [  restartedMain] r$InitializeUserDetailsManagerConfigurer : Global AuthenticationManager configured with UserDetailsService bean with name inMemoryUserDetailsManager
[2025-02-10 11:05:06.667]  INFO 15200 --- [  restartedMain] o.s.b.d.a.OptionalLiveReloadServer       : LiveReload server is running on port 35729
[2025-02-10 11:05:06.685]  INFO 15200 --- [  restartedMain] o.a.c.h.Http11NioProtocol                : Starting ProtocolHandler ["http-nio-8080"]
[2025-02-10 11:05:06.703]  INFO 15200 --- [  restartedMain] o.s.b.w.e.t.TomcatWebServer              : Tomcat started on port 8080 (http) with context path '/'
[2025-02-10 11:05:06.714]  INFO 15200 --- [  restartedMain] k.c.g.SpringProject4Application          : Started SpringProject4Application in 2.088 seconds (process running for 2.973)
[2025-02-10 11:05:06.717]  INFO 15200 --- [  restartedMain] k.c.g.SpringProject4Application          : 스프링 프로젝트가 성공적으로 시작되었습니다.
