[2025-02-10 11:21:32.054]  INFO 15200 --- [   File Watcher] rtingClassPathChangeChangedEventListener : Restarting due to 1 class path change (0 additions, 0 deletions, 1 modification)
[2025-02-10 11:21:32.077]  INFO 15200 --- [       Thread-5] o.s.b.w.e.t.GracefulShutdown             : Commencing graceful shutdown. Waiting for active requests to complete
[2025-02-10 11:21:32.079]  INFO 15200 --- [tomcat-shutdown] o.a.c.h.Http11NioProtocol                : Pausing ProtocolHandler ["http-nio-8080"]
[2025-02-10 11:21:32.149]  INFO 15200 --- [tomcat-shutdown] o.s.b.w.e.t.GracefulShutdown             : Graceful shutdown complete
[2025-02-10 11:21:32.150]  INFO 15200 --- [       Thread-5] o.a.c.h.Http11NioProtocol                : Stopping ProtocolHandler ["http-nio-8080"]
[2025-02-10 11:21:36.671]  INFO 15200 --- [  restartedMain] k.c.g.SpringProject4Application          : 스프링 프로젝트가 시작중입니다.
[2025-02-10 11:21:36.744]  INFO 15200 --- [  restartedMain] k.c.g.SpringProject4Application          : Starting SpringProject4Application using Java 17.0.12 with PID 15200 (C:\Dev\spring_work_sapce\SpringProject-4\bin\main started by GR802 in C:\Dev\spring_work_sapce\SpringProject-4)
[2025-02-10 11:21:36.745]  INFO 15200 --- [  restartedMain] k.c.g.SpringProject4Application          : No active profile set, falling back to 1 default profile: "default"
[2025-02-10 11:21:36.920]  WARN 15200 --- [  restartedMain] o.m.s.m.ClassPathMapperScanner           : No MyBatis mapper was found in '[kr.co.green]' package. Please check your configuration.
[2025-02-10 11:21:36.967]  INFO 15200 --- [  restartedMain] o.s.b.w.e.t.TomcatWebServer              : Tomcat initialized with port 8080 (http)
[2025-02-10 11:21:36.968]  INFO 15200 --- [  restartedMain] o.a.c.h.Http11NioProtocol                : Initializing ProtocolHandler ["http-nio-8080"]
[2025-02-10 11:21:36.969]  INFO 15200 --- [  restartedMain] o.a.c.c.StandardService                  : Starting service [Tomcat]
[2025-02-10 11:21:36.969]  INFO 15200 --- [  restartedMain] o.a.c.c.StandardEngine                   : Starting Servlet engine: [Apache Tomcat/10.1.34]
[2025-02-10 11:21:36.984]  INFO 15200 --- [  restartedMain] o.a.c.c.C.[.[.[/]                        : Initializing Spring embedded WebApplicationContext
[2025-02-10 11:21:36.985]  INFO 15200 --- [  restartedMain] w.s.c.ServletWebServerApplicationContext : Root WebApplicationContext: initialization completed in 236 ms
[2025-02-10 11:21:37.007]  WARN 15200 --- [  restartedMain] .s.s.UserDetailsServiceAutoConfiguration : 

Using generated security password: d8b447ce-756e-4960-894f-b1d0909c62f2

This generated password is for development use only. Your security configuration must be updated before running your application in production.

[2025-02-10 11:21:37.008]  INFO 15200 --- [  restartedMain] r$InitializeUserDetailsManagerConfigurer : Global AuthenticationManager configured with UserDetailsService bean with name inMemoryUserDetailsManager
[2025-02-10 11:21:37.104]  INFO 15200 --- [  restartedMain] o.s.b.d.a.OptionalLiveReloadServer       : LiveReload server is running on port 35729
[2025-02-10 11:21:37.112]  INFO 15200 --- [  restartedMain] o.a.c.h.Http11NioProtocol                : Starting ProtocolHandler ["http-nio-8080"]
[2025-02-10 11:21:37.115]  INFO 15200 --- [  restartedMain] o.s.b.w.e.t.TomcatWebServer              : Tomcat started on port 8080 (http) with context path '/'
[2025-02-10 11:21:37.120]  INFO 15200 --- [  restartedMain] k.c.g.SpringProject4Application          : Started SpringProject4Application in 0.438 seconds (process running for 993.38)
[2025-02-10 11:21:37.123]  INFO 15200 --- [  restartedMain] .ConditionEvaluationDeltaLoggingListener : Condition evaluation unchanged
[2025-02-10 11:21:37.124]  INFO 15200 --- [  restartedMain] k.c.g.SpringProject4Application          : 스프링 프로젝트가 성공적으로 시작되었습니다.
