[2025-02-11 16:57:00.571]  WARN 9436 --- [      Thread-13] o.a.t.u.n.NioEndpoint                    : The executor associated with thread pool [http-nio-8080] has not fully shutdown. Some application threads may still be running.
[2025-02-11 16:57:00.644]  INFO 9436 --- [      Thread-13] c.z.h.HikariDataSource                   : HikariPool-3 - Shutdown initiated...
[2025-02-11 16:57:00.749]  INFO 9436 --- [      Thread-13] c.z.h.HikariDataSource                   : HikariPool-3 - Shutdown completed.
[2025-02-11 16:57:05.400]  INFO 9436 --- [  restartedMain] k.c.g.SpringProject4Application          : 스프링 프로젝트가 시작중입니다.
[2025-02-11 16:57:05.591]  INFO 9436 --- [  restartedMain] k.c.g.SpringProject4Application          : Starting SpringProject4Application using Java 17.0.12 with PID 9436 (C:\Dev\spring_work_sapce\SpringProject-4\bin\main started by GR802 in C:\Dev\spring_work_sapce\SpringProject-4)
[2025-02-11 16:57:05.592]  INFO 9436 --- [  restartedMain] k.c.g.SpringProject4Application          : No active profile set, falling back to 1 default profile: "default"
[2025-02-11 16:57:07.789]  INFO 9436 --- [  restartedMain] o.s.b.w.e.t.TomcatWebServer              : Tomcat initialized with port 8080 (http)
[2025-02-11 16:57:07.791]  INFO 9436 --- [  restartedMain] o.a.c.h.Http11NioProtocol                : Initializing ProtocolHandler ["http-nio-8080"]
[2025-02-11 16:57:07.858]  INFO 9436 --- [  restartedMain] o.a.c.c.StandardService                  : Starting service [Tomcat]
[2025-02-11 16:57:07.858]  INFO 9436 --- [  restartedMain] o.a.c.c.StandardEngine                   : Starting Servlet engine: [Apache Tomcat/10.1.34]
[2025-02-11 16:57:07.877]  INFO 9436 --- [  restartedMain] o.a.c.c.C.[.[.[/]                        : Initializing Spring embedded WebApplicationContext
[2025-02-11 16:57:07.877]  INFO 9436 --- [  restartedMain] w.s.c.ServletWebServerApplicationContext : Root WebApplicationContext: initialization completed in 2219 ms
[2025-02-11 16:57:14.018]  WARN 9436 --- [  restartedMain] .s.s.UserDetailsServiceAutoConfiguration : 

Using generated security password: 6dd4a222-a174-43b9-9afe-7c80e3589219

This generated password is for development use only. Your security configuration must be updated before running your application in production.

[2025-02-11 16:57:14.019]  INFO 9436 --- [  restartedMain] r$InitializeUserDetailsManagerConfigurer : Global AuthenticationManager configured with UserDetailsService bean with name inMemoryUserDetailsManager
[2025-02-11 16:57:14.516]  INFO 9436 --- [  restartedMain] o.s.b.d.a.OptionalLiveReloadServer       : LiveReload server is running on port 35729
[2025-02-11 16:57:14.528]  INFO 9436 --- [  restartedMain] o.a.c.h.Http11NioProtocol                : Starting ProtocolHandler ["http-nio-8080"]
[2025-02-11 16:57:14.530]  INFO 9436 --- [  restartedMain] o.s.b.w.e.t.TomcatWebServer              : Tomcat started on port 8080 (http) with context path '/'
[2025-02-11 16:57:14.537]  INFO 9436 --- [  restartedMain] k.c.g.SpringProject4Application          : Started SpringProject4Application in 9.133 seconds (process running for 1103.353)
[2025-02-11 16:57:14.612]  INFO 9436 --- [  restartedMain] .ConditionEvaluationDeltaLoggingListener : Condition evaluation unchanged
[2025-02-11 16:57:14.612]  INFO 9436 --- [  restartedMain] k.c.g.SpringProject4Application          : 스프링 프로젝트가 성공적으로 시작되었습니다.
[2025-02-11 16:57:40.281]  INFO 9436 --- [nio-8080-exec-2] o.a.c.c.C.[.[.[/]                        : Initializing Spring DispatcherServlet 'dispatcherServlet'
[2025-02-11 16:57:40.281]  INFO 9436 --- [nio-8080-exec-2] o.s.w.s.DispatcherServlet                : Initializing Servlet 'dispatcherServlet'
[2025-02-11 16:57:40.282]  INFO 9436 --- [nio-8080-exec-2] o.s.w.s.DispatcherServlet                : Completed initialization in 1 ms
