[2025-02-11 16:31:56.107]  INFO 12320 --- [   File Watcher] rtingClassPathChangeChangedEventListener : Restarting due to 1 class path change (0 additions, 0 deletions, 1 modification)
[2025-02-11 16:31:56.116]  INFO 12320 --- [      Thread-39] o.s.b.w.e.t.GracefulShutdown             : Commencing graceful shutdown. Waiting for active requests to complete
[2025-02-11 16:31:56.118]  INFO 12320 --- [tomcat-shutdown] o.a.c.h.Http11NioProtocol                : Pausing ProtocolHandler ["http-nio-8080"]
[2025-02-11 16:31:56.221]  INFO 12320 --- [tomcat-shutdown] o.s.b.w.e.t.GracefulShutdown             : Graceful shutdown complete
[2025-02-11 16:31:56.221]  INFO 12320 --- [      Thread-39] o.a.c.h.Http11NioProtocol                : Stopping ProtocolHandler ["http-nio-8080"]
[2025-02-11 16:31:56.263]  INFO 12320 --- [  restartedMain] k.c.g.SpringProject4Application          : 스프링 프로젝트가 시작중입니다.
[2025-02-11 16:31:56.298]  INFO 12320 --- [  restartedMain] k.c.g.SpringProject4Application          : Starting SpringProject4Application using Java 17.0.12 with PID 12320 (C:\Dev\spring_work_sapce\SpringProject-4\bin\main started by GR802 in C:\Dev\spring_work_sapce\SpringProject-4)
[2025-02-11 16:31:56.299]  INFO 12320 --- [  restartedMain] k.c.g.SpringProject4Application          : No active profile set, falling back to 1 default profile: "default"
[2025-02-11 16:31:56.520]  INFO 12320 --- [  restartedMain] o.s.b.w.e.t.TomcatWebServer              : Tomcat initialized with port 8080 (http)
[2025-02-11 16:31:56.521]  INFO 12320 --- [  restartedMain] o.a.c.h.Http11NioProtocol                : Initializing ProtocolHandler ["http-nio-8080"]
[2025-02-11 16:31:56.522]  INFO 12320 --- [  restartedMain] o.a.c.c.StandardService                  : Starting service [Tomcat]
[2025-02-11 16:31:56.522]  INFO 12320 --- [  restartedMain] o.a.c.c.StandardEngine                   : Starting Servlet engine: [Apache Tomcat/10.1.34]
[2025-02-11 16:31:56.534]  INFO 12320 --- [  restartedMain] o.a.c.c.C.[.[.[/]                        : Initializing Spring embedded WebApplicationContext
[2025-02-11 16:31:56.534]  INFO 12320 --- [  restartedMain] w.s.c.ServletWebServerApplicationContext : Root WebApplicationContext: initialization completed in 234 ms
[2025-02-11 16:31:56.604]  WARN 12320 --- [  restartedMain] .s.s.UserDetailsServiceAutoConfiguration : 

Using generated security password: 594a03b5-9430-4f7e-b351-d8119aa74974

This generated password is for development use only. Your security configuration must be updated before running your application in production.

[2025-02-11 16:31:56.604]  INFO 12320 --- [  restartedMain] r$InitializeUserDetailsManagerConfigurer : Global AuthenticationManager configured with UserDetailsService bean with name inMemoryUserDetailsManager
[2025-02-11 16:31:56.693]  INFO 12320 --- [  restartedMain] o.s.b.d.a.OptionalLiveReloadServer       : LiveReload server is running on port 35729
[2025-02-11 16:31:56.700]  INFO 12320 --- [  restartedMain] o.a.c.h.Http11NioProtocol                : Starting ProtocolHandler ["http-nio-8080"]
[2025-02-11 16:31:56.703]  INFO 12320 --- [  restartedMain] o.s.b.w.e.t.TomcatWebServer              : Tomcat started on port 8080 (http) with context path '/'
[2025-02-11 16:31:56.707]  INFO 12320 --- [  restartedMain] k.c.g.SpringProject4Application          : Started SpringProject4Application in 0.44 seconds (process running for 1951.058)
[2025-02-11 16:31:56.710]  INFO 12320 --- [  restartedMain] .ConditionEvaluationDeltaLoggingListener : Condition evaluation unchanged
[2025-02-11 16:31:56.710]  INFO 12320 --- [  restartedMain] k.c.g.SpringProject4Application          : 스프링 프로젝트가 성공적으로 시작되었습니다.
[2025-02-11 16:31:59.511]  INFO 12320 --- [nio-8080-exec-1] o.a.c.c.C.[.[.[/]                        : Initializing Spring DispatcherServlet 'dispatcherServlet'
[2025-02-11 16:31:59.511]  INFO 12320 --- [nio-8080-exec-1] o.s.w.s.DispatcherServlet                : Initializing Servlet 'dispatcherServlet'
[2025-02-11 16:31:59.512]  INFO 12320 --- [nio-8080-exec-1] o.s.w.s.DispatcherServlet                : Completed initialization in 1 ms
