[2025-02-10 10:57:11.551]  INFO 14900 --- [  restartedMain] k.c.g.SpringProject4Application          : Starting SpringProject4Application using Java 17.0.12 with PID 14900 (C:\Dev\spring_work_sapce\SpringProject-4\bin\main started by GR802 in C:\Dev\spring_work_sapce\SpringProject-4)
[2025-02-10 10:57:11.561]  INFO 14900 --- [  restartedMain] k.c.g.SpringProject4Application          : No active profile set, falling back to 1 default profile: "default"
[2025-02-10 10:57:11.737]  WARN 14900 --- [  restartedMain] o.m.s.m.ClassPathMapperScanner           : No MyBatis mapper was found in '[kr.co.green]' package. Please check your configuration.
[2025-02-10 10:57:11.785]  INFO 14900 --- [  restartedMain] o.s.b.w.e.t.TomcatWebServer              : Tomcat initialized with port 8080 (http)
[2025-02-10 10:57:11.786]  INFO 14900 --- [  restartedMain] o.a.c.h.Http11NioProtocol                : Initializing ProtocolHandler ["http-nio-8080"]
[2025-02-10 10:57:11.786]  INFO 14900 --- [  restartedMain] o.a.c.c.StandardService                  : Starting service [Tomcat]
[2025-02-10 10:57:11.786]  INFO 14900 --- [  restartedMain] o.a.c.c.StandardEngine                   : Starting Servlet engine: [Apache Tomcat/10.1.34]
[2025-02-10 10:57:11.802]  INFO 14900 --- [  restartedMain] o.a.c.c.C.[.[.[/]                        : Initializing Spring embedded WebApplicationContext
[2025-02-10 10:57:11.802]  INFO 14900 --- [  restartedMain] w.s.c.ServletWebServerApplicationContext : Root WebApplicationContext: initialization completed in 239 ms
[2025-02-10 10:57:11.825]  WARN 14900 --- [  restartedMain] .s.s.UserDetailsServiceAutoConfiguration : 

Using generated security password: da1b75a9-271a-4df1-8ea3-5a27c3c565d1

This generated password is for development use only. Your security configuration must be updated before running your application in production.

[2025-02-10 10:57:11.826]  INFO 14900 --- [  restartedMain] r$InitializeUserDetailsManagerConfigurer : Global AuthenticationManager configured with UserDetailsService bean with name inMemoryUserDetailsManager
[2025-02-10 10:57:11.923]  INFO 14900 --- [  restartedMain] o.s.b.d.a.OptionalLiveReloadServer       : LiveReload server is running on port 35729
[2025-02-10 10:57:11.931]  INFO 14900 --- [  restartedMain] o.a.c.h.Http11NioProtocol                : Starting ProtocolHandler ["http-nio-8080"]
[2025-02-10 10:57:11.934]  INFO 14900 --- [  restartedMain] o.s.b.w.e.t.TomcatWebServer              : Tomcat started on port 8080 (http) with context path '/'
[2025-02-10 10:57:11.940]  INFO 14900 --- [  restartedMain] k.c.g.SpringProject4Application          : Started SpringProject4Application in 0.482 seconds (process running for 34.303)
[2025-02-10 10:57:11.943]  INFO 14900 --- [  restartedMain] .ConditionEvaluationDeltaLoggingListener : Condition evaluation unchanged
[2025-02-10 10:57:16.010]  INFO 14900 --- [n(12)-127.0.0.1] inMXBeanRegistrar$SpringApplicationAdmin : Application shutdown requested.
[2025-02-10 10:57:16.011]  INFO 14900 --- [n(12)-127.0.0.1] o.s.b.w.e.t.GracefulShutdown             : Commencing graceful shutdown. Waiting for active requests to complete
[2025-02-10 10:57:16.011]  INFO 14900 --- [tomcat-shutdown] o.a.c.h.Http11NioProtocol                : Pausing ProtocolHandler ["http-nio-8080"]
[2025-02-10 10:57:16.070]  INFO 14900 --- [tomcat-shutdown] o.s.b.w.e.t.GracefulShutdown             : Graceful shutdown complete
[2025-02-10 10:57:16.070]  INFO 14900 --- [n(12)-127.0.0.1] o.a.c.h.Http11NioProtocol                : Stopping ProtocolHandler ["http-nio-8080"]
[2025-02-10 10:57:17.966]  INFO 7148 --- [  restartedMain] k.c.g.SpringProject4Application          : Starting SpringProject4Application using Java 17.0.12 with PID 7148 (C:\Dev\spring_work_sapce\SpringProject-4\bin\main started by GR802 in C:\Dev\spring_work_sapce\SpringProject-4)
[2025-02-10 10:57:17.974]  INFO 7148 --- [  restartedMain] k.c.g.SpringProject4Application          : No active profile set, falling back to 1 default profile: "default"
[2025-02-10 10:57:18.012]  INFO 7148 --- [  restartedMain] o.s.b.d.r.ChangeableUrls                 : The Class-Path manifest attribute in C:\Users\GR802\.gradle\caches\modules-2\files-2.1\com.oracle.database.jdbc\ojdbc11\23.3.0.23.09\405bcbc8d8dab59f562125fa1d2b7e06d21649f3\ojdbc11-23.3.0.23.09.jar referenced one or more files that do not exist: file:/C:/Users/GR802/.gradle/caches/modules-2/files-2.1/com.oracle.database.jdbc/ojdbc11/23.3.0.23.09/405bcbc8d8dab59f562125fa1d2b7e06d21649f3/oraclepki.jar
[2025-02-10 10:57:18.013]  INFO 7148 --- [  restartedMain] .e.DevToolsPropertyDefaultsPostProcessor : Devtools property defaults active! Set 'spring.devtools.add-properties' to 'false' to disable
[2025-02-10 10:57:18.013]  INFO 7148 --- [  restartedMain] .e.DevToolsPropertyDefaultsPostProcessor : For additional web related logging consider setting the 'logging.level.web' property to 'DEBUG'
[2025-02-10 10:57:18.651]  WARN 7148 --- [  restartedMain] o.m.s.m.ClassPathMapperScanner           : No MyBatis mapper was found in '[kr.co.green]' package. Please check your configuration.
[2025-02-10 10:57:18.990]  INFO 7148 --- [  restartedMain] o.s.b.w.e.t.TomcatWebServer              : Tomcat initialized with port 8080 (http)
[2025-02-10 10:57:19.004]  INFO 7148 --- [  restartedMain] o.a.c.h.Http11NioProtocol                : Initializing ProtocolHandler ["http-nio-8080"]
[2025-02-10 10:57:19.006]  INFO 7148 --- [  restartedMain] o.a.c.c.StandardService                  : Starting service [Tomcat]
[2025-02-10 10:57:19.006]  INFO 7148 --- [  restartedMain] o.a.c.c.StandardEngine                   : Starting Servlet engine: [Apache Tomcat/10.1.34]
[2025-02-10 10:57:19.053]  INFO 7148 --- [  restartedMain] o.a.c.c.C.[.[.[/]                        : Initializing Spring embedded WebApplicationContext
[2025-02-10 10:57:19.054]  INFO 7148 --- [  restartedMain] w.s.c.ServletWebServerApplicationContext : Root WebApplicationContext: initialization completed in 1041 ms
[2025-02-10 10:57:19.149]  WARN 7148 --- [  restartedMain] .s.s.UserDetailsServiceAutoConfiguration : 

Using generated security password: 6d4de978-4714-4fa8-903d-9f7b2b19eaa7

This generated password is for development use only. Your security configuration must be updated before running your application in production.

[2025-02-10 10:57:19.155]  INFO 7148 --- [  restartedMain] r$InitializeUserDetailsManagerConfigurer : Global AuthenticationManager configured with UserDetailsService bean with name inMemoryUserDetailsManager
[2025-02-10 10:57:19.654]  INFO 7148 --- [  restartedMain] o.s.b.d.a.OptionalLiveReloadServer       : LiveReload server is running on port 35729
[2025-02-10 10:57:19.672]  INFO 7148 --- [  restartedMain] o.a.c.h.Http11NioProtocol                : Starting ProtocolHandler ["http-nio-8080"]
[2025-02-10 10:57:19.688]  INFO 7148 --- [  restartedMain] o.s.b.w.e.t.TomcatWebServer              : Tomcat started on port 8080 (http) with context path '/'
[2025-02-10 10:57:19.699]  INFO 7148 --- [  restartedMain] k.c.g.SpringProject4Application          : Started SpringProject4Application in 2.024 seconds (process running for 2.878)
