[2025-02-11 16:25:02.174]  INFO 12320 --- [  restartedMain] k.c.g.SpringProject4Application          : 스프링 프로젝트가 시작중입니다.
[2025-02-11 16:25:02.255]  INFO 12320 --- [  restartedMain] k.c.g.SpringProject4Application          : Starting SpringProject4Application using Java 17.0.12 with PID 12320 (C:\Dev\spring_work_sapce\SpringProject-4\bin\main started by GR802 in C:\Dev\spring_work_sapce\SpringProject-4)
[2025-02-11 16:25:02.256]  INFO 12320 --- [  restartedMain] k.c.g.SpringProject4Application          : No active profile set, falling back to 1 default profile: "default"
[2025-02-11 16:25:02.494]  INFO 12320 --- [  restartedMain] o.s.b.w.e.t.TomcatWebServer              : Tomcat initialized with port 8080 (http)
[2025-02-11 16:25:02.497]  INFO 12320 --- [  restartedMain] o.a.c.h.Http11NioProtocol                : Initializing ProtocolHandler ["http-nio-8080"]
[2025-02-11 16:25:02.497]  INFO 12320 --- [  restartedMain] o.a.c.c.StandardService                  : Starting service [Tomcat]
[2025-02-11 16:25:02.497]  INFO 12320 --- [  restartedMain] o.a.c.c.StandardEngine                   : Starting Servlet engine: [Apache Tomcat/10.1.34]
[2025-02-11 16:25:02.510]  INFO 12320 --- [  restartedMain] o.a.c.c.C.[.[.[/]                        : Initializing Spring embedded WebApplicationContext
[2025-02-11 16:25:02.510]  INFO 12320 --- [  restartedMain] w.s.c.ServletWebServerApplicationContext : Root WebApplicationContext: initialization completed in 253 ms
[2025-02-11 16:25:02.595]  WARN 12320 --- [  restartedMain] .s.s.UserDetailsServiceAutoConfiguration : 

Using generated security password: fe00a3eb-ef81-4c66-b831-65c2a99831ae

This generated password is for development use only. Your security configuration must be updated before running your application in production.

[2025-02-11 16:25:02.595]  INFO 12320 --- [  restartedMain] r$InitializeUserDetailsManagerConfigurer : Global AuthenticationManager configured with UserDetailsService bean with name inMemoryUserDetailsManager
[2025-02-11 16:25:02.708]  INFO 12320 --- [  restartedMain] o.s.b.d.a.OptionalLiveReloadServer       : LiveReload server is running on port 35729
[2025-02-11 16:25:02.716]  INFO 12320 --- [  restartedMain] o.a.c.h.Http11NioProtocol                : Starting ProtocolHandler ["http-nio-8080"]
[2025-02-11 16:25:02.719]  INFO 12320 --- [  restartedMain] o.s.b.w.e.t.TomcatWebServer              : Tomcat started on port 8080 (http) with context path '/'
[2025-02-11 16:25:02.724]  INFO 12320 --- [  restartedMain] k.c.g.SpringProject4Application          : Started SpringProject4Application in 0.532 seconds (process running for 1537.074)
[2025-02-11 16:25:02.726]  INFO 12320 --- [  restartedMain] .ConditionEvaluationDeltaLoggingListener : Condition evaluation unchanged
[2025-02-11 16:25:02.726]  INFO 12320 --- [  restartedMain] k.c.g.SpringProject4Application          : 스프링 프로젝트가 성공적으로 시작되었습니다.
[2025-02-11 16:25:35.765]  INFO 12320 --- [   File Watcher] rtingClassPathChangeChangedEventListener : Restarting due to 1 class path change (0 additions, 0 deletions, 1 modification)
[2025-02-11 16:25:35.768]  INFO 12320 --- [       Thread-9] o.s.b.w.e.t.GracefulShutdown             : Commencing graceful shutdown. Waiting for active requests to complete
[2025-02-11 16:25:35.769]  INFO 12320 --- [tomcat-shutdown] o.a.c.h.Http11NioProtocol                : Pausing ProtocolHandler ["http-nio-8080"]
[2025-02-11 16:25:35.854]  INFO 12320 --- [tomcat-shutdown] o.s.b.w.e.t.GracefulShutdown             : Graceful shutdown complete
[2025-02-11 16:25:35.855]  INFO 12320 --- [       Thread-9] o.a.c.h.Http11NioProtocol                : Stopping ProtocolHandler ["http-nio-8080"]
[2025-02-11 16:25:35.897]  INFO 12320 --- [  restartedMain] k.c.g.SpringProject4Application          : 스프링 프로젝트가 시작중입니다.
[2025-02-11 16:25:35.939]  INFO 12320 --- [  restartedMain] k.c.g.SpringProject4Application          : Starting SpringProject4Application using Java 17.0.12 with PID 12320 (C:\Dev\spring_work_sapce\SpringProject-4\bin\main started by GR802 in C:\Dev\spring_work_sapce\SpringProject-4)
[2025-02-11 16:25:35.940]  INFO 12320 --- [  restartedMain] k.c.g.SpringProject4Application          : No active profile set, falling back to 1 default profile: "default"
[2025-02-11 16:25:36.172]  INFO 12320 --- [  restartedMain] o.s.b.w.e.t.TomcatWebServer              : Tomcat initialized with port 8080 (http)
[2025-02-11 16:25:36.173]  INFO 12320 --- [  restartedMain] o.a.c.h.Http11NioProtocol                : Initializing ProtocolHandler ["http-nio-8080"]
[2025-02-11 16:25:36.173]  INFO 12320 --- [  restartedMain] o.a.c.c.StandardService                  : Starting service [Tomcat]
[2025-02-11 16:25:36.174]  INFO 12320 --- [  restartedMain] o.a.c.c.StandardEngine                   : Starting Servlet engine: [Apache Tomcat/10.1.34]
[2025-02-11 16:25:36.187]  INFO 12320 --- [  restartedMain] o.a.c.c.C.[.[.[/]                        : Initializing Spring embedded WebApplicationContext
[2025-02-11 16:25:36.187]  INFO 12320 --- [  restartedMain] w.s.c.ServletWebServerApplicationContext : Root WebApplicationContext: initialization completed in 246 ms
[2025-02-11 16:25:36.266]  WARN 12320 --- [  restartedMain] .s.s.UserDetailsServiceAutoConfiguration : 

Using generated security password: 70972d5d-95f5-453a-bfdb-87cf881b2d4e

This generated password is for development use only. Your security configuration must be updated before running your application in production.

[2025-02-11 16:25:36.267]  INFO 12320 --- [  restartedMain] r$InitializeUserDetailsManagerConfigurer : Global AuthenticationManager configured with UserDetailsService bean with name inMemoryUserDetailsManager
[2025-02-11 16:25:36.356]  INFO 12320 --- [  restartedMain] o.s.b.d.a.OptionalLiveReloadServer       : LiveReload server is running on port 35729
[2025-02-11 16:25:36.363]  INFO 12320 --- [  restartedMain] o.a.c.h.Http11NioProtocol                : Starting ProtocolHandler ["http-nio-8080"]
[2025-02-11 16:25:36.366]  INFO 12320 --- [  restartedMain] o.s.b.w.e.t.TomcatWebServer              : Tomcat started on port 8080 (http) with context path '/'
[2025-02-11 16:25:36.371]  INFO 12320 --- [  restartedMain] k.c.g.SpringProject4Application          : Started SpringProject4Application in 0.471 seconds (process running for 1570.722)
[2025-02-11 16:25:36.377]  INFO 12320 --- [  restartedMain] .ConditionEvaluationDeltaLoggingListener : Condition evaluation unchanged
[2025-02-11 16:25:36.377]  INFO 12320 --- [  restartedMain] k.c.g.SpringProject4Application          : 스프링 프로젝트가 성공적으로 시작되었습니다.
