[2025-02-10 11:00:01.159]  INFO 7148 --- [  restartedMain] k.c.g.SpringProject4Application          : 스프링 프로젝트가 시작중입니다.
[2025-02-10 11:00:01.238]  INFO 7148 --- [  restartedMain] k.c.g.SpringProject4Application          : Starting SpringProject4Application using Java 17.0.12 with PID 7148 (C:\Dev\spring_work_sapce\SpringProject-4\bin\main started by GR802 in C:\Dev\spring_work_sapce\SpringProject-4)
[2025-02-10 11:00:01.239]  INFO 7148 --- [  restartedMain] k.c.g.SpringProject4Application          : No active profile set, falling back to 1 default profile: "default"
[2025-02-10 11:00:01.575]  WARN 7148 --- [  restartedMain] o.m.s.m.ClassPathMapperScanner           : No MyBatis mapper was found in '[kr.co.green]' package. Please check your configuration.
[2025-02-10 11:00:01.661]  INFO 7148 --- [  restartedMain] o.s.b.w.e.t.TomcatWebServer              : Tomcat initialized with port 8080 (http)
[2025-02-10 11:00:01.662]  INFO 7148 --- [  restartedMain] o.a.c.h.Http11NioProtocol                : Initializing ProtocolHandler ["http-nio-8080"]
[2025-02-10 11:00:01.663]  INFO 7148 --- [  restartedMain] o.a.c.c.StandardService                  : Starting service [Tomcat]
[2025-02-10 11:00:01.664]  INFO 7148 --- [  restartedMain] o.a.c.c.StandardEngine                   : Starting Servlet engine: [Apache Tomcat/10.1.34]
[2025-02-10 11:00:01.687]  INFO 7148 --- [  restartedMain] o.a.c.c.C.[.[.[/]                        : Initializing Spring embedded WebApplicationContext
[2025-02-10 11:00:01.687]  INFO 7148 --- [  restartedMain] w.s.c.ServletWebServerApplicationContext : Root WebApplicationContext: initialization completed in 446 ms
[2025-02-10 11:00:01.728]  WARN 7148 --- [  restartedMain] .s.s.UserDetailsServiceAutoConfiguration : 

Using generated security password: 20800825-d5ef-4c63-bd8e-9bbac2775466

This generated password is for development use only. Your security configuration must be updated before running your application in production.

[2025-02-10 11:00:01.730]  INFO 7148 --- [  restartedMain] r$InitializeUserDetailsManagerConfigurer : Global AuthenticationManager configured with UserDetailsService bean with name inMemoryUserDetailsManager
[2025-02-10 11:00:01.949]  INFO 7148 --- [  restartedMain] o.s.b.d.a.OptionalLiveReloadServer       : LiveReload server is running on port 35729
[2025-02-10 11:00:01.962]  INFO 7148 --- [  restartedMain] o.a.c.h.Http11NioProtocol                : Starting ProtocolHandler ["http-nio-8080"]
[2025-02-10 11:00:01.966]  INFO 7148 --- [  restartedMain] o.s.b.w.e.t.TomcatWebServer              : Tomcat started on port 8080 (http) with context path '/'
[2025-02-10 11:00:01.975]  INFO 7148 --- [  restartedMain] k.c.g.SpringProject4Application          : Started SpringProject4Application in 0.809 seconds (process running for 165.154)
[2025-02-10 11:00:01.982]  INFO 7148 --- [  restartedMain] .ConditionEvaluationDeltaLoggingListener : Condition evaluation unchanged
[2025-02-10 11:00:01.983]  INFO 7148 --- [  restartedMain] k.c.g.SpringProject4Application          : 스프링 프로젝트가 성공적으로 시작되었습니다.
[2025-02-10 11:00:07.445]  INFO 7148 --- [   File Watcher] rtingClassPathChangeChangedEventListener : Restarting due to 1 class path change (0 additions, 0 deletions, 1 modification)
[2025-02-10 11:00:07.449]  INFO 7148 --- [       Thread-7] o.s.b.w.e.t.GracefulShutdown             : Commencing graceful shutdown. Waiting for active requests to complete
[2025-02-10 11:00:07.450]  INFO 7148 --- [tomcat-shutdown] o.a.c.h.Http11NioProtocol                : Pausing ProtocolHandler ["http-nio-8080"]
[2025-02-10 11:00:07.547]  INFO 7148 --- [tomcat-shutdown] o.s.b.w.e.t.GracefulShutdown             : Graceful shutdown complete
[2025-02-10 11:00:07.547]  INFO 7148 --- [       Thread-7] o.a.c.h.Http11NioProtocol                : Stopping ProtocolHandler ["http-nio-8080"]
[2025-02-10 11:00:07.600]  INFO 7148 --- [  restartedMain] k.c.g.SpringProject4Application          : 스프링 프로젝트가 시작중입니다.
[2025-02-10 11:00:07.649]  INFO 7148 --- [  restartedMain] k.c.g.SpringProject4Application          : Starting SpringProject4Application using Java 17.0.12 with PID 7148 (C:\Dev\spring_work_sapce\SpringProject-4\bin\main started by GR802 in C:\Dev\spring_work_sapce\SpringProject-4)
[2025-02-10 11:00:07.649]  INFO 7148 --- [  restartedMain] k.c.g.SpringProject4Application          : No active profile set, falling back to 1 default profile: "default"
[2025-02-10 11:00:07.828]  WARN 7148 --- [  restartedMain] o.m.s.m.ClassPathMapperScanner           : No MyBatis mapper was found in '[kr.co.green]' package. Please check your configuration.
[2025-02-10 11:00:07.876]  INFO 7148 --- [  restartedMain] o.s.b.w.e.t.TomcatWebServer              : Tomcat initialized with port 8080 (http)
[2025-02-10 11:00:07.877]  INFO 7148 --- [  restartedMain] o.a.c.h.Http11NioProtocol                : Initializing ProtocolHandler ["http-nio-8080"]
[2025-02-10 11:00:07.877]  INFO 7148 --- [  restartedMain] o.a.c.c.StandardService                  : Starting service [Tomcat]
[2025-02-10 11:00:07.878]  INFO 7148 --- [  restartedMain] o.a.c.c.StandardEngine                   : Starting Servlet engine: [Apache Tomcat/10.1.34]
[2025-02-10 11:00:07.892]  INFO 7148 --- [  restartedMain] o.a.c.c.C.[.[.[/]                        : Initializing Spring embedded WebApplicationContext
[2025-02-10 11:00:07.892]  INFO 7148 --- [  restartedMain] w.s.c.ServletWebServerApplicationContext : Root WebApplicationContext: initialization completed in 241 ms
[2025-02-10 11:00:07.916]  WARN 7148 --- [  restartedMain] .s.s.UserDetailsServiceAutoConfiguration : 

Using generated security password: 1d89b356-5cb1-4050-af33-8c9a2383166f

This generated password is for development use only. Your security configuration must be updated before running your application in production.

[2025-02-10 11:00:07.917]  INFO 7148 --- [  restartedMain] r$InitializeUserDetailsManagerConfigurer : Global AuthenticationManager configured with UserDetailsService bean with name inMemoryUserDetailsManager
[2025-02-10 11:00:08.016]  INFO 7148 --- [  restartedMain] o.s.b.d.a.OptionalLiveReloadServer       : LiveReload server is running on port 35729
[2025-02-10 11:00:08.024]  INFO 7148 --- [  restartedMain] o.a.c.h.Http11NioProtocol                : Starting ProtocolHandler ["http-nio-8080"]
[2025-02-10 11:00:08.027]  INFO 7148 --- [  restartedMain] o.s.b.w.e.t.TomcatWebServer              : Tomcat started on port 8080 (http) with context path '/'
[2025-02-10 11:00:08.033]  INFO 7148 --- [  restartedMain] k.c.g.SpringProject4Application          : Started SpringProject4Application in 0.43 seconds (process running for 171.212)
[2025-02-10 11:00:08.034]  INFO 7148 --- [  restartedMain] .ConditionEvaluationDeltaLoggingListener : Condition evaluation unchanged
[2025-02-10 11:00:08.034]  INFO 7148 --- [  restartedMain] k.c.g.SpringProject4Application          : 스프링 프로젝트가 성공적으로 시작되었습니다.
[2025-02-10 11:00:36.851]  INFO 7148 --- [n(14)-127.0.0.1] inMXBeanRegistrar$SpringApplicationAdmin : Application shutdown requested.
[2025-02-10 11:00:36.852]  INFO 7148 --- [n(14)-127.0.0.1] o.s.b.w.e.t.GracefulShutdown             : Commencing graceful shutdown. Waiting for active requests to complete
[2025-02-10 11:00:36.853]  INFO 7148 --- [tomcat-shutdown] o.a.c.h.Http11NioProtocol                : Pausing ProtocolHandler ["http-nio-8080"]
[2025-02-10 11:00:36.913]  INFO 7148 --- [tomcat-shutdown] o.s.b.w.e.t.GracefulShutdown             : Graceful shutdown complete
[2025-02-10 11:00:36.913]  INFO 7148 --- [n(14)-127.0.0.1] o.a.c.h.Http11NioProtocol                : Stopping ProtocolHandler ["http-nio-8080"]
[2025-02-10 11:00:38.149]  INFO ${sys:PID} --- [           main] k.c.g.SpringProject4Application          : 스프링 프로젝트가 시작중입니다.
[2025-02-10 11:00:38.279]  INFO ${sys:PID} --- [  restartedMain] k.c.g.SpringProject4Application          : 스프링 프로젝트가 시작중입니다.
[2025-02-10 11:00:38.595]  INFO 14496 --- [  restartedMain] k.c.g.SpringProject4Application          : Starting SpringProject4Application using Java 17.0.12 with PID 14496 (C:\Dev\spring_work_sapce\SpringProject-4\bin\main started by GR802 in C:\Dev\spring_work_sapce\SpringProject-4)
[2025-02-10 11:00:38.598]  INFO 14496 --- [  restartedMain] k.c.g.SpringProject4Application          : No active profile set, falling back to 1 default profile: "default"
[2025-02-10 11:00:38.638]  INFO 14496 --- [  restartedMain] o.s.b.d.r.ChangeableUrls                 : The Class-Path manifest attribute in C:\Users\GR802\.gradle\caches\modules-2\files-2.1\com.oracle.database.jdbc\ojdbc11\23.3.0.23.09\405bcbc8d8dab59f562125fa1d2b7e06d21649f3\ojdbc11-23.3.0.23.09.jar referenced one or more files that do not exist: file:/C:/Users/GR802/.gradle/caches/modules-2/files-2.1/com.oracle.database.jdbc/ojdbc11/23.3.0.23.09/405bcbc8d8dab59f562125fa1d2b7e06d21649f3/oraclepki.jar
[2025-02-10 11:00:38.638]  INFO 14496 --- [  restartedMain] .e.DevToolsPropertyDefaultsPostProcessor : Devtools property defaults active! Set 'spring.devtools.add-properties' to 'false' to disable
[2025-02-10 11:00:38.638]  INFO 14496 --- [  restartedMain] .e.DevToolsPropertyDefaultsPostProcessor : For additional web related logging consider setting the 'logging.level.web' property to 'DEBUG'
[2025-02-10 11:00:39.318]  WARN 14496 --- [  restartedMain] o.m.s.m.ClassPathMapperScanner           : No MyBatis mapper was found in '[kr.co.green]' package. Please check your configuration.
[2025-02-10 11:00:39.661]  INFO 14496 --- [  restartedMain] o.s.b.w.e.t.TomcatWebServer              : Tomcat initialized with port 8080 (http)
[2025-02-10 11:00:39.675]  INFO 14496 --- [  restartedMain] o.a.c.h.Http11NioProtocol                : Initializing ProtocolHandler ["http-nio-8080"]
[2025-02-10 11:00:39.677]  INFO 14496 --- [  restartedMain] o.a.c.c.StandardService                  : Starting service [Tomcat]
[2025-02-10 11:00:39.678]  INFO 14496 --- [  restartedMain] o.a.c.c.StandardEngine                   : Starting Servlet engine: [Apache Tomcat/10.1.34]
[2025-02-10 11:00:39.728]  INFO 14496 --- [  restartedMain] o.a.c.c.C.[.[.[/]                        : Initializing Spring embedded WebApplicationContext
[2025-02-10 11:00:39.728]  INFO 14496 --- [  restartedMain] w.s.c.ServletWebServerApplicationContext : Root WebApplicationContext: initialization completed in 1089 ms
[2025-02-10 11:00:39.826]  WARN 14496 --- [  restartedMain] .s.s.UserDetailsServiceAutoConfiguration : 

Using generated security password: 110cf7e9-87ee-4d1f-b6ae-e00cc3d0a8cf

This generated password is for development use only. Your security configuration must be updated before running your application in production.

[2025-02-10 11:00:39.832]  INFO 14496 --- [  restartedMain] r$InitializeUserDetailsManagerConfigurer : Global AuthenticationManager configured with UserDetailsService bean with name inMemoryUserDetailsManager
[2025-02-10 11:00:40.339]  INFO 14496 --- [  restartedMain] o.s.b.d.a.OptionalLiveReloadServer       : LiveReload server is running on port 35729
[2025-02-10 11:00:40.358]  INFO 14496 --- [  restartedMain] o.a.c.h.Http11NioProtocol                : Starting ProtocolHandler ["http-nio-8080"]
[2025-02-10 11:00:40.374]  INFO 14496 --- [  restartedMain] o.s.b.w.e.t.TomcatWebServer              : Tomcat started on port 8080 (http) with context path '/'
[2025-02-10 11:00:40.384]  INFO 14496 --- [  restartedMain] k.c.g.SpringProject4Application          : Started SpringProject4Application in 2.1 seconds (process running for 3.009)
[2025-02-10 11:00:40.388]  INFO 14496 --- [  restartedMain] k.c.g.SpringProject4Application          : 스프링 프로젝트가 성공적으로 시작되었습니다.
