[2025-04-05 18:49:37.168]  INFO 111300 --- [   File Watcher] rtingClassPathChangeChangedEventListener : Restarting due to 1 class path change (0 additions, 0 deletions, 1 modification)
[2025-04-05 18:49:37.178]  INFO 111300 --- [       Thread-6] o.s.b.w.e.t.GracefulShutdown             : Commencing graceful shutdown. Waiting for active requests to complete
[2025-04-05 18:49:37.180]  INFO 111300 --- [tomcat-shutdown] o.a.c.h.Http11NioProtocol                : Pausing ProtocolHandler ["http-nio-8080"]
[2025-04-05 18:49:37.597]  INFO 111300 --- [n(10)-127.0.0.1] inMXBeanRegistrar$SpringApplicationAdmin : Application shutdown requested.
[2025-04-05 18:49:37.598]  INFO 111300 --- [       Thread-6] o.a.c.h.Http11NioProtocol                : Stopping ProtocolHandler ["http-nio-8080"]
[2025-04-05 18:49:37.608]  WARN 111300 --- [       Thread-6] o.a.t.u.n.Acceptor                       : Interrupt was received while waiting for the acceptor thread [http-nio-8080-Acceptor] to stop

java.lang.InterruptedException: null
	at java.base/java.util.concurrent.locks.AbstractQueuedSynchronizer.tryAcquireSharedNanos(AbstractQueuedSynchronizer.java:1081) ~[?:?]
	at java.base/java.util.concurrent.CountDownLatch.await(CountDownLatch.java:276) ~[?:?]
	at org.apache.tomcat.util.net.Acceptor.stopMillis(Acceptor.java:187) ~[tomcat-embed-core-10.1.34.jar:10.1.34]
	at org.apache.tomcat.util.net.NioEndpoint.stopInternal(NioEndpoint.java:304) ~[tomcat-embed-core-10.1.34.jar:10.1.34]
	at org.apache.tomcat.util.net.AbstractEndpoint.stop(AbstractEndpoint.java:1432) ~[tomcat-embed-core-10.1.34.jar:10.1.34]
	at org.apache.coyote.AbstractProtocol.stop(AbstractProtocol.java:723) ~[tomcat-embed-core-10.1.34.jar:10.1.34]
	at org.apache.catalina.connector.Connector.stopInternal(Connector.java:1078) ~[tomcat-embed-core-10.1.34.jar:10.1.34]
	at org.apache.catalina.util.LifecycleBase.stop(LifecycleBase.java:235) ~[tomcat-embed-core-10.1.34.jar:10.1.34]
	at org.apache.catalina.core.StandardService.removeConnector(StandardService.java:299) ~[tomcat-embed-core-10.1.34.jar:10.1.34]
	at org.springframework.boot.web.embedded.tomcat.TomcatWebServer.lambda$removeServiceConnectors$1(TomcatWebServer.java:173) ~[spring-boot-3.4.2.jar:3.4.2]
	at org.springframework.boot.web.embedded.tomcat.TomcatWebServer.doWithConnectors(TomcatWebServer.java:192) ~[spring-boot-3.4.2.jar:3.4.2]
	at org.springframework.boot.web.embedded.tomcat.TomcatWebServer.removeServiceConnectors(TomcatWebServer.java:170) ~[spring-boot-3.4.2.jar:3.4.2]
	at org.springframework.boot.web.embedded.tomcat.TomcatWebServer.stop(TomcatWebServer.java:358) ~[spring-boot-3.4.2.jar:3.4.2]
	at org.springframework.boot.web.servlet.context.WebServerStartStopLifecycle.stop(WebServerStartStopLifecycle.java:53) ~[spring-boot-3.4.2.jar:3.4.2]
	at org.springframework.context.SmartLifecycle.stop(SmartLifecycle.java:120) ~[spring-context-6.2.2.jar:6.2.2]
	at org.springframework.context.support.DefaultLifecycleProcessor.doStop(DefaultLifecycleProcessor.java:384) ~[spring-context-6.2.2.jar:6.2.2]
	at org.springframework.context.support.DefaultLifecycleProcessor$LifecycleGroup.stop(DefaultLifecycleProcessor.java:526) ~[spring-context-6.2.2.jar:6.2.2]
	at java.base/java.lang.Iterable.forEach(Iterable.java:75) ~[?:?]
	at org.springframework.context.support.DefaultLifecycleProcessor.stopBeans(DefaultLifecycleProcessor.java:353) ~[spring-context-6.2.2.jar:6.2.2]
	at org.springframework.context.support.DefaultLifecycleProcessor.onClose(DefaultLifecycleProcessor.java:253) ~[spring-context-6.2.2.jar:6.2.2]
	at org.springframework.context.support.AbstractApplicationContext.doClose(AbstractApplicationContext.java:1172) ~[spring-context-6.2.2.jar:6.2.2]
	at org.springframework.boot.web.servlet.context.ServletWebServerApplicationContext.doClose(ServletWebServerApplicationContext.java:174) ~[spring-boot-3.4.2.jar:3.4.2]
	at org.springframework.context.support.AbstractApplicationContext.close(AbstractApplicationContext.java:1126) ~[spring-context-6.2.2.jar:6.2.2]
	at org.springframework.boot.devtools.restart.Restarter.stop(Restarter.java:308) ~[spring-boot-devtools-3.4.1.jar:3.4.1]
	at org.springframework.boot.devtools.restart.Restarter.lambda$restart$1(Restarter.java:250) ~[spring-boot-devtools-3.4.1.jar:3.4.1]
	at org.springframework.boot.devtools.restart.Restarter$LeakSafeThread.run(Restarter.java:612) [spring-boot-devtools-3.4.1.jar:3.4.1]

[2025-04-05 18:49:37.724]  INFO 111300 --- [  restartedMain] k.c.g.SpringProject51Application         : Starting SpringProject51Application using Java 17.0.12 with PID 111300 (C:\Users\bongo\Documents\workspace-spring-tool-suite-4-4.27.0.RELEASE\SpringProject-5-1\bin\main started by bongo in C:\Users\bongo\Documents\workspace-spring-tool-suite-4-4.27.0.RELEASE\SpringProject-5-1)
[2025-04-05 18:49:37.725]  INFO 111300 --- [  restartedMain] k.c.g.SpringProject51Application         : No active profile set, falling back to 1 default profile: "default"
[2025-04-05 18:49:38.121]  INFO 111300 --- [  restartedMain] o.s.b.w.e.t.TomcatWebServer              : Tomcat initialized with port 80 (http)
[2025-04-05 18:49:38.122]  INFO 111300 --- [  restartedMain] o.a.c.h.Http11NioProtocol                : Initializing ProtocolHandler ["http-nio-80"]
[2025-04-05 18:49:38.123]  INFO 111300 --- [  restartedMain] o.a.c.c.StandardService                  : Starting service [Tomcat]
[2025-04-05 18:49:38.123]  INFO 111300 --- [  restartedMain] o.a.c.c.StandardEngine                   : Starting Servlet engine: [Apache Tomcat/10.1.34]
[2025-04-05 18:49:38.142]  INFO 111300 --- [  restartedMain] o.a.c.c.C.[.[.[/]                        : Initializing Spring embedded WebApplicationContext
[2025-04-05 18:49:38.142]  INFO 111300 --- [  restartedMain] w.s.c.ServletWebServerApplicationContext : Root WebApplicationContext: initialization completed in 413 ms
[2025-04-05 18:49:38.225]  WARN 111300 --- [  restartedMain] .s.s.UserDetailsServiceAutoConfiguration : 

Using generated security password: f8265c9f-e22d-4ada-ad66-71e700bc4108

This generated password is for development use only. Your security configuration must be updated before running your application in production.

[2025-04-05 18:49:38.226]  INFO 111300 --- [  restartedMain] r$InitializeUserDetailsManagerConfigurer : Global AuthenticationManager configured with UserDetailsService bean with name inMemoryUserDetailsManager
[2025-04-05 18:49:38.316]  INFO 111300 --- [  restartedMain] o.s.b.d.a.OptionalLiveReloadServer       : LiveReload server is running on port 35729
[2025-04-05 18:49:38.322]  INFO 111300 --- [  restartedMain] o.a.c.h.Http11NioProtocol                : Starting ProtocolHandler ["http-nio-80"]
[2025-04-05 18:49:38.326]  INFO 111300 --- [  restartedMain] o.s.b.w.e.t.TomcatWebServer              : Tomcat started on port 80 (http) with context path '/'
[2025-04-05 18:49:38.333]  INFO 111300 --- [  restartedMain] k.c.g.SpringProject51Application         : Started SpringProject51Application in 0.667 seconds (process running for 87.244)
[2025-04-05 18:49:38.336]  INFO 111300 --- [  restartedMain] .ConditionEvaluationDeltaLoggingListener : Condition evaluation unchanged
[2025-04-05 18:49:38.515]  INFO 111300 --- [tomcat-shutdown] o.s.b.w.e.t.GracefulShutdown             : Graceful shutdown aborted with one or more requests still active
[2025-04-05 18:49:52.666]  INFO 111300 --- [n(12)-127.0.0.1] inMXBeanRegistrar$SpringApplicationAdmin : Application shutdown requested.
[2025-04-05 18:49:52.667]  INFO 111300 --- [n(12)-127.0.0.1] o.s.b.w.e.t.GracefulShutdown             : Commencing graceful shutdown. Waiting for active requests to complete
[2025-04-05 18:49:52.668]  INFO 111300 --- [tomcat-shutdown] o.a.c.h.Http11NioProtocol                : Pausing ProtocolHandler ["http-nio-80"]
[2025-04-05 18:49:53.769]  INFO 111300 --- [tomcat-shutdown] o.s.b.w.e.t.GracefulShutdown             : Graceful shutdown complete
[2025-04-05 18:49:53.770]  INFO 111300 --- [n(12)-127.0.0.1] o.a.c.h.Http11NioProtocol                : Stopping ProtocolHandler ["http-nio-80"]
[2025-04-05 18:49:55.801]  INFO 111604 --- [kground-preinit] o.h.v.i.u.Version                        : HV000001: Hibernate Validator 8.0.2.Final
[2025-04-05 18:49:55.846]  INFO 111604 --- [  restartedMain] k.c.g.SpringProject51Application         : Starting SpringProject51Application using Java 17.0.12 with PID 111604 (C:\Users\bongo\Documents\workspace-spring-tool-suite-4-4.27.0.RELEASE\SpringProject-5-1\bin\main started by bongo in C:\Users\bongo\Documents\workspace-spring-tool-suite-4-4.27.0.RELEASE\SpringProject-5-1)
[2025-04-05 18:49:55.851]  INFO 111604 --- [  restartedMain] k.c.g.SpringProject51Application         : No active profile set, falling back to 1 default profile: "default"
[2025-04-05 18:49:55.912]  INFO 111604 --- [  restartedMain] o.s.b.d.r.ChangeableUrls                 : The Class-Path manifest attribute in C:\Users\bongo\.gradle\caches\modules-2\files-2.1\com.oracle.database.jdbc\ojdbc11\23.3.0.23.09\405bcbc8d8dab59f562125fa1d2b7e06d21649f3\ojdbc11-23.3.0.23.09.jar referenced one or more files that do not exist: file:/C:/Users/bongo/.gradle/caches/modules-2/files-2.1/com.oracle.database.jdbc/ojdbc11/23.3.0.23.09/405bcbc8d8dab59f562125fa1d2b7e06d21649f3/oraclepki.jar
[2025-04-05 18:49:55.913]  INFO 111604 --- [  restartedMain] .e.DevToolsPropertyDefaultsPostProcessor : Devtools property defaults active! Set 'spring.devtools.add-properties' to 'false' to disable
[2025-04-05 18:49:55.913]  INFO 111604 --- [  restartedMain] .e.DevToolsPropertyDefaultsPostProcessor : For additional web related logging consider setting the 'logging.level.web' property to 'DEBUG'
[2025-04-05 18:49:57.215]  INFO 111604 --- [  restartedMain] o.s.b.w.e.t.TomcatWebServer              : Tomcat initialized with port 80 (http)
[2025-04-05 18:49:57.228]  INFO 111604 --- [  restartedMain] o.a.c.h.Http11NioProtocol                : Initializing ProtocolHandler ["http-nio-80"]
[2025-04-05 18:49:57.231]  INFO 111604 --- [  restartedMain] o.a.c.c.StandardService                  : Starting service [Tomcat]
[2025-04-05 18:49:57.231]  INFO 111604 --- [  restartedMain] o.a.c.c.StandardEngine                   : Starting Servlet engine: [Apache Tomcat/10.1.34]
[2025-04-05 18:49:57.294]  INFO 111604 --- [  restartedMain] o.a.c.c.C.[.[.[/]                        : Initializing Spring embedded WebApplicationContext
[2025-04-05 18:49:57.294]  INFO 111604 --- [  restartedMain] w.s.c.ServletWebServerApplicationContext : Root WebApplicationContext: initialization completed in 1380 ms
[2025-04-05 18:49:57.665]  WARN 111604 --- [  restartedMain] .s.s.UserDetailsServiceAutoConfiguration : 

Using generated security password: 5d97c912-d56b-4524-8008-46aa2995d8cc

This generated password is for development use only. Your security configuration must be updated before running your application in production.

[2025-04-05 18:49:57.670]  INFO 111604 --- [  restartedMain] r$InitializeUserDetailsManagerConfigurer : Global AuthenticationManager configured with UserDetailsService bean with name inMemoryUserDetailsManager
[2025-04-05 18:49:58.179]  INFO 111604 --- [  restartedMain] o.s.b.d.a.OptionalLiveReloadServer       : LiveReload server is running on port 35729
[2025-04-05 18:49:58.196]  INFO 111604 --- [  restartedMain] o.a.c.h.Http11NioProtocol                : Starting ProtocolHandler ["http-nio-80"]
[2025-04-05 18:49:58.218]  INFO 111604 --- [  restartedMain] o.s.b.w.e.t.TomcatWebServer              : Tomcat started on port 80 (http) with context path '/'
[2025-04-05 18:49:58.229]  INFO 111604 --- [  restartedMain] k.c.g.SpringProject51Application         : Started SpringProject51Application in 2.711 seconds (process running for 3.79)
[2025-04-05 18:49:59.132]  INFO 111604 --- [p-nio-80-exec-1] o.a.c.c.C.[.[.[/]                        : Initializing Spring DispatcherServlet 'dispatcherServlet'
[2025-04-05 18:49:59.132]  INFO 111604 --- [p-nio-80-exec-1] o.s.w.s.DispatcherServlet                : Initializing Servlet 'dispatcherServlet'
[2025-04-05 18:49:59.134]  INFO 111604 --- [p-nio-80-exec-1] o.s.w.s.DispatcherServlet                : Completed initialization in 1 ms
[2025-04-05 18:49:59.200]  WARN 111604 --- [p-nio-80-exec-1] .m.m.a.ExceptionHandlerExceptionResolver : Resolved [org.springframework.web.servlet.resource.NoResourceFoundException: No static resource admin/login.]
[2025-04-05 18:49:59.388]  INFO 111604 --- [p-nio-80-exec-1] k.c.g.f.RequestLoggingFilter             : 응답 시간 : 219
[2025-04-05 18:49:59.391]  INFO 111604 --- [p-nio-80-exec-1] k.c.g.f.RequestLoggingFilter             : 요청 정보 : method = GET,URL = http://localhost/admin/login,headers=[host=localhost,connection=keep-alive,sec-ch-ua="Chromium";v="134", "Not:A-Brand";v="24", "Google Chrome";v="134",sec-ch-ua-mobile=?0,sec-ch-ua-platform="Windows",upgrade-insecure-requests=1,user-agent=Mozilla/5.0 (Windows NT 10.0; Win64; x64) AppleWebKit/537.36 (KHTML, like Gecko) Chrome/134.0.0.0 Safari/537.36,accept=text/html,application/xhtml+xml,application/xml;q=0.9,image/avif,image/webp,image/apng,*/*;q=0.8,application/signed-exchange;v=b3;q=0.7,sec-fetch-site=none,sec-fetch-mode=navigate,sec-fetch-user=?1,sec-fetch-dest=document,accept-encoding=gzip, deflate, br, zstd,accept-language=ko-KR,ko;q=0.9,en-US;q=0.8,en;q=0.7,cookie=Idea-97baac5c=8eb4f314-5e58-4322-a90e-42b9e9dd4e5f; JSESSIONID=19E15FEE77C8D1EF9AE4A25DCB8817E2,]
[2025-04-05 18:49:59.417]  WARN 111604 --- [p-nio-80-exec-3] .m.m.a.ExceptionHandlerExceptionResolver : Resolved [org.springframework.web.servlet.resource.NoResourceFoundException: No static resource favicon.ico.]
[2025-04-05 18:49:59.425]  INFO 111604 --- [p-nio-80-exec-3] k.c.g.f.RequestLoggingFilter             : 응답 시간 : 12
[2025-04-05 18:49:59.427]  INFO 111604 --- [p-nio-80-exec-3] k.c.g.f.RequestLoggingFilter             : 요청 정보 : method = GET,URL = http://localhost/favicon.ico,headers=[host=localhost,connection=keep-alive,sec-ch-ua-platform="Windows",user-agent=Mozilla/5.0 (Windows NT 10.0; Win64; x64) AppleWebKit/537.36 (KHTML, like Gecko) Chrome/134.0.0.0 Safari/537.36,sec-ch-ua="Chromium";v="134", "Not:A-Brand";v="24", "Google Chrome";v="134",sec-ch-ua-mobile=?0,accept=image/avif,image/webp,image/apng,image/svg+xml,image/*,*/*;q=0.8,sec-fetch-site=same-origin,sec-fetch-mode=no-cors,sec-fetch-dest=image,referer=http://localhost/admin/login,accept-encoding=gzip, deflate, br, zstd,accept-language=ko-KR,ko;q=0.9,en-US;q=0.8,en;q=0.7,cookie=Idea-97baac5c=8eb4f314-5e58-4322-a90e-42b9e9dd4e5f; JSESSIONID=19E15FEE77C8D1EF9AE4A25DCB8817E2,]
