[2025-02-11 17:27:01.181]  INFO 7724 --- [   File Watcher] rtingClassPathChangeChangedEventListener : Restarting due to 1 class path change (0 additions, 0 deletions, 1 modification)
[2025-02-11 17:27:01.193]  INFO 7724 --- [      Thread-91] o.s.b.w.e.t.GracefulShutdown             : Commencing graceful shutdown. Waiting for active requests to complete
[2025-02-11 17:27:01.194]  INFO 7724 --- [tomcat-shutdown] o.a.c.h.Http11NioProtocol                : Pausing ProtocolHandler ["http-nio-8080"]
[2025-02-11 17:27:01.274]  INFO 7724 --- [tomcat-shutdown] o.s.b.w.e.t.GracefulShutdown             : Graceful shutdown complete
[2025-02-11 17:27:01.275]  INFO 7724 --- [      Thread-91] o.a.c.h.Http11NioProtocol                : Stopping ProtocolHandler ["http-nio-8080"]
[2025-02-11 17:27:01.331]  INFO 7724 --- [  restartedMain] k.c.g.SpringProject4Application          : 스프링 프로젝트가 시작중입니다.
[2025-02-11 17:27:01.367]  INFO 7724 --- [  restartedMain] k.c.g.SpringProject4Application          : Starting SpringProject4Application using Java 17.0.12 with PID 7724 (C:\Dev\spring_work_sapce\SpringProject-4\bin\main started by GR802 in C:\Dev\spring_work_sapce\SpringProject-4)
[2025-02-11 17:27:01.367]  INFO 7724 --- [  restartedMain] k.c.g.SpringProject4Application          : No active profile set, falling back to 1 default profile: "default"
[2025-02-11 17:27:01.594]  INFO 7724 --- [  restartedMain] o.s.b.w.e.t.TomcatWebServer              : Tomcat initialized with port 8080 (http)
[2025-02-11 17:27:01.595]  INFO 7724 --- [  restartedMain] o.a.c.h.Http11NioProtocol                : Initializing ProtocolHandler ["http-nio-8080"]
[2025-02-11 17:27:01.595]  INFO 7724 --- [  restartedMain] o.a.c.c.StandardService                  : Starting service [Tomcat]
[2025-02-11 17:27:01.596]  INFO 7724 --- [  restartedMain] o.a.c.c.StandardEngine                   : Starting Servlet engine: [Apache Tomcat/10.1.34]
[2025-02-11 17:27:01.608]  INFO 7724 --- [  restartedMain] o.a.c.c.C.[.[.[/]                        : Initializing Spring embedded WebApplicationContext
[2025-02-11 17:27:01.609]  INFO 7724 --- [  restartedMain] w.s.c.ServletWebServerApplicationContext : Root WebApplicationContext: initialization completed in 240 ms
[2025-02-11 17:27:01.676]  WARN 7724 --- [  restartedMain] .s.s.UserDetailsServiceAutoConfiguration : 

Using generated security password: d25d5428-a012-41d5-b626-135c46619023

This generated password is for development use only. Your security configuration must be updated before running your application in production.

[2025-02-11 17:27:01.677]  INFO 7724 --- [  restartedMain] r$InitializeUserDetailsManagerConfigurer : Global AuthenticationManager configured with UserDetailsService bean with name inMemoryUserDetailsManager
[2025-02-11 17:27:01.761]  INFO 7724 --- [  restartedMain] o.s.b.d.a.OptionalLiveReloadServer       : LiveReload server is running on port 35729
[2025-02-11 17:27:01.768]  INFO 7724 --- [  restartedMain] o.a.c.h.Http11NioProtocol                : Starting ProtocolHandler ["http-nio-8080"]
[2025-02-11 17:27:01.770]  INFO 7724 --- [  restartedMain] o.s.b.w.e.t.TomcatWebServer              : Tomcat started on port 8080 (http) with context path '/'
[2025-02-11 17:27:01.776]  INFO 7724 --- [  restartedMain] k.c.g.SpringProject4Application          : Started SpringProject4Application in 0.438 seconds (process running for 1203.812)
[2025-02-11 17:27:01.777]  INFO 7724 --- [  restartedMain] .ConditionEvaluationDeltaLoggingListener : Condition evaluation unchanged
[2025-02-11 17:27:01.777]  INFO 7724 --- [  restartedMain] k.c.g.SpringProject4Application          : 스프링 프로젝트가 성공적으로 시작되었습니다.
[2025-02-11 17:27:06.416]  INFO 7724 --- [   File Watcher] rtingClassPathChangeChangedEventListener : Restarting due to 1 class path change (0 additions, 0 deletions, 1 modification)
[2025-02-11 17:27:06.420]  INFO 7724 --- [      Thread-95] o.s.b.w.e.t.GracefulShutdown             : Commencing graceful shutdown. Waiting for active requests to complete
[2025-02-11 17:27:06.421]  INFO 7724 --- [tomcat-shutdown] o.a.c.h.Http11NioProtocol                : Pausing ProtocolHandler ["http-nio-8080"]
[2025-02-11 17:27:06.504]  INFO 7724 --- [tomcat-shutdown] o.s.b.w.e.t.GracefulShutdown             : Graceful shutdown complete
[2025-02-11 17:27:06.505]  INFO 7724 --- [      Thread-95] o.a.c.h.Http11NioProtocol                : Stopping ProtocolHandler ["http-nio-8080"]
[2025-02-11 17:27:06.555]  INFO 7724 --- [  restartedMain] k.c.g.SpringProject4Application          : 스프링 프로젝트가 시작중입니다.
[2025-02-11 17:27:06.588]  INFO 7724 --- [  restartedMain] k.c.g.SpringProject4Application          : Starting SpringProject4Application using Java 17.0.12 with PID 7724 (C:\Dev\spring_work_sapce\SpringProject-4\bin\main started by GR802 in C:\Dev\spring_work_sapce\SpringProject-4)
[2025-02-11 17:27:06.589]  INFO 7724 --- [  restartedMain] k.c.g.SpringProject4Application          : No active profile set, falling back to 1 default profile: "default"
[2025-02-11 17:27:06.813]  INFO 7724 --- [  restartedMain] o.s.b.w.e.t.TomcatWebServer              : Tomcat initialized with port 8080 (http)
[2025-02-11 17:27:06.813]  INFO 7724 --- [  restartedMain] o.a.c.h.Http11NioProtocol                : Initializing ProtocolHandler ["http-nio-8080"]
[2025-02-11 17:27:06.814]  INFO 7724 --- [  restartedMain] o.a.c.c.StandardService                  : Starting service [Tomcat]
[2025-02-11 17:27:06.814]  INFO 7724 --- [  restartedMain] o.a.c.c.StandardEngine                   : Starting Servlet engine: [Apache Tomcat/10.1.34]
[2025-02-11 17:27:06.826]  INFO 7724 --- [  restartedMain] o.a.c.c.C.[.[.[/]                        : Initializing Spring embedded WebApplicationContext
[2025-02-11 17:27:06.826]  INFO 7724 --- [  restartedMain] w.s.c.ServletWebServerApplicationContext : Root WebApplicationContext: initialization completed in 235 ms
[2025-02-11 17:27:06.886]  WARN 7724 --- [  restartedMain] .s.s.UserDetailsServiceAutoConfiguration : 

Using generated security password: 260c6316-2b4c-49df-afee-3fce2259e081

This generated password is for development use only. Your security configuration must be updated before running your application in production.

[2025-02-11 17:27:06.886]  INFO 7724 --- [  restartedMain] r$InitializeUserDetailsManagerConfigurer : Global AuthenticationManager configured with UserDetailsService bean with name inMemoryUserDetailsManager
[2025-02-11 17:27:06.969]  INFO 7724 --- [  restartedMain] o.s.b.d.a.OptionalLiveReloadServer       : LiveReload server is running on port 35729
[2025-02-11 17:27:06.976]  INFO 7724 --- [  restartedMain] o.a.c.h.Http11NioProtocol                : Starting ProtocolHandler ["http-nio-8080"]
[2025-02-11 17:27:06.978]  INFO 7724 --- [  restartedMain] o.s.b.w.e.t.TomcatWebServer              : Tomcat started on port 8080 (http) with context path '/'
[2025-02-11 17:27:06.983]  INFO 7724 --- [  restartedMain] k.c.g.SpringProject4Application          : Started SpringProject4Application in 0.423 seconds (process running for 1209.019)
[2025-02-11 17:27:06.984]  INFO 7724 --- [  restartedMain] .ConditionEvaluationDeltaLoggingListener : Condition evaluation unchanged
[2025-02-11 17:27:06.984]  INFO 7724 --- [  restartedMain] k.c.g.SpringProject4Application          : 스프링 프로젝트가 성공적으로 시작되었습니다.
[2025-02-11 17:27:09.510]  INFO 7724 --- [   File Watcher] rtingClassPathChangeChangedEventListener : Restarting due to 1 class path change (0 additions, 0 deletions, 1 modification)
[2025-02-11 17:27:09.513]  INFO 7724 --- [      Thread-99] o.s.b.w.e.t.GracefulShutdown             : Commencing graceful shutdown. Waiting for active requests to complete
[2025-02-11 17:27:09.514]  INFO 7724 --- [tomcat-shutdown] o.a.c.h.Http11NioProtocol                : Pausing ProtocolHandler ["http-nio-8080"]
[2025-02-11 17:27:09.600]  INFO 7724 --- [tomcat-shutdown] o.s.b.w.e.t.GracefulShutdown             : Graceful shutdown complete
[2025-02-11 17:27:09.601]  INFO 7724 --- [      Thread-99] o.a.c.h.Http11NioProtocol                : Stopping ProtocolHandler ["http-nio-8080"]
[2025-02-11 17:27:09.653]  INFO 7724 --- [  restartedMain] k.c.g.SpringProject4Application          : 스프링 프로젝트가 시작중입니다.
[2025-02-11 17:27:09.685]  INFO 7724 --- [  restartedMain] k.c.g.SpringProject4Application          : Starting SpringProject4Application using Java 17.0.12 with PID 7724 (C:\Dev\spring_work_sapce\SpringProject-4\bin\main started by GR802 in C:\Dev\spring_work_sapce\SpringProject-4)
[2025-02-11 17:27:09.686]  INFO 7724 --- [  restartedMain] k.c.g.SpringProject4Application          : No active profile set, falling back to 1 default profile: "default"
[2025-02-11 17:27:09.922]  INFO 7724 --- [  restartedMain] o.s.b.w.e.t.TomcatWebServer              : Tomcat initialized with port 8080 (http)
[2025-02-11 17:27:09.923]  INFO 7724 --- [  restartedMain] o.a.c.h.Http11NioProtocol                : Initializing ProtocolHandler ["http-nio-8080"]
[2025-02-11 17:27:09.923]  INFO 7724 --- [  restartedMain] o.a.c.c.StandardService                  : Starting service [Tomcat]
[2025-02-11 17:27:09.923]  INFO 7724 --- [  restartedMain] o.a.c.c.StandardEngine                   : Starting Servlet engine: [Apache Tomcat/10.1.34]
[2025-02-11 17:27:09.939]  INFO 7724 --- [  restartedMain] o.a.c.c.C.[.[.[/]                        : Initializing Spring embedded WebApplicationContext
[2025-02-11 17:27:09.939]  INFO 7724 --- [  restartedMain] w.s.c.ServletWebServerApplicationContext : Root WebApplicationContext: initialization completed in 252 ms
[2025-02-11 17:27:10.009]  WARN 7724 --- [  restartedMain] .s.s.UserDetailsServiceAutoConfiguration : 

Using generated security password: 45a0712d-b3fe-4936-8801-b4a0eda2593e

This generated password is for development use only. Your security configuration must be updated before running your application in production.

[2025-02-11 17:27:10.009]  INFO 7724 --- [  restartedMain] r$InitializeUserDetailsManagerConfigurer : Global AuthenticationManager configured with UserDetailsService bean with name inMemoryUserDetailsManager
[2025-02-11 17:27:10.090]  INFO 7724 --- [  restartedMain] o.s.b.d.a.OptionalLiveReloadServer       : LiveReload server is running on port 35729
[2025-02-11 17:27:10.097]  INFO 7724 --- [  restartedMain] o.a.c.h.Http11NioProtocol                : Starting ProtocolHandler ["http-nio-8080"]
[2025-02-11 17:27:10.100]  INFO 7724 --- [  restartedMain] o.s.b.w.e.t.TomcatWebServer              : Tomcat started on port 8080 (http) with context path '/'
[2025-02-11 17:27:10.107]  INFO 7724 --- [  restartedMain] k.c.g.SpringProject4Application          : Started SpringProject4Application in 0.449 seconds (process running for 1212.143)
[2025-02-11 17:27:10.108]  INFO 7724 --- [  restartedMain] .ConditionEvaluationDeltaLoggingListener : Condition evaluation unchanged
[2025-02-11 17:27:10.108]  INFO 7724 --- [  restartedMain] k.c.g.SpringProject4Application          : 스프링 프로젝트가 성공적으로 시작되었습니다.
[2025-02-11 17:27:13.802]  INFO 7724 --- [nio-8080-exec-1] o.a.c.c.C.[.[.[/]                        : Initializing Spring DispatcherServlet 'dispatcherServlet'
[2025-02-11 17:27:13.802]  INFO 7724 --- [nio-8080-exec-1] o.s.w.s.DispatcherServlet                : Initializing Servlet 'dispatcherServlet'
[2025-02-11 17:27:13.802]  INFO 7724 --- [nio-8080-exec-1] o.s.w.s.DispatcherServlet                : Completed initialization in 0 ms
[2025-02-11 17:27:13.822]  INFO 7724 --- [nio-8080-exec-1] k.c.g.f.RequestLoggingFilter             : 응답 시간 : 19
[2025-02-11 17:27:13.823]  INFO 7724 --- [nio-8080-exec-1] k.c.g.f.RequestLoggingFilter             : 요청 정보 : method = GET,URL = http://localhost:8080/member/signup/form,headers=[host=localhost:8080,connection=keep-alive,sec-ch-ua="Not A(Brand";v="8", "Chromium";v="132", "Google Chrome";v="132",sec-ch-ua-mobile=?0,sec-ch-ua-platform="Windows",upgrade-insecure-requests=1,user-agent=Mozilla/5.0 (Windows NT 10.0; Win64; x64) AppleWebKit/537.36 (KHTML, like Gecko) Chrome/132.0.0.0 Safari/537.36,accept=text/html,application/xhtml+xml,application/xml;q=0.9,image/avif,image/webp,image/apng,*/*;q=0.8,application/signed-exchange;v=b3;q=0.7,sec-fetch-site=same-origin,sec-fetch-mode=navigate,sec-fetch-user=?1,sec-fetch-dest=document,referer=http://localhost:8080/member/signup,accept-encoding=gzip, deflate, br, zstd,accept-language=ko-KR,ko;q=0.9,cookie=JSESSIONID=1CDF1BCEB2C41AC436FC0DCB4AE6AAFA,]
[2025-02-11 17:27:13.834]  INFO 7724 --- [nio-8080-exec-3] k.c.g.f.RequestLoggingFilter             : 응답 시간 : 2
[2025-02-11 17:27:13.834]  INFO 7724 --- [nio-8080-exec-2] k.c.g.f.RequestLoggingFilter             : 응답 시간 : 2
[2025-02-11 17:27:13.834]  INFO 7724 --- [nio-8080-exec-3] k.c.g.f.RequestLoggingFilter             : 요청 정보 : method = GET,URL = http://localhost:8080/js/member/duplicationCheck.js,headers=[host=localhost:8080,connection=keep-alive,sec-ch-ua-platform="Windows",user-agent=Mozilla/5.0 (Windows NT 10.0; Win64; x64) AppleWebKit/537.36 (KHTML, like Gecko) Chrome/132.0.0.0 Safari/537.36,sec-ch-ua="Not A(Brand";v="8", "Chromium";v="132", "Google Chrome";v="132",sec-ch-ua-mobile=?0,accept=*/*,sec-fetch-site=same-origin,sec-fetch-mode=no-cors,sec-fetch-dest=script,referer=http://localhost:8080/member/signup/form,accept-encoding=gzip, deflate, br, zstd,accept-language=ko-KR,ko;q=0.9,cookie=JSESSIONID=1CDF1BCEB2C41AC436FC0DCB4AE6AAFA,]
[2025-02-11 17:27:13.834]  INFO 7724 --- [nio-8080-exec-2] k.c.g.f.RequestLoggingFilter             : 요청 정보 : method = GET,URL = http://localhost:8080/css/main.css,headers=[host=localhost:8080,connection=keep-alive,sec-ch-ua-platform="Windows",user-agent=Mozilla/5.0 (Windows NT 10.0; Win64; x64) AppleWebKit/537.36 (KHTML, like Gecko) Chrome/132.0.0.0 Safari/537.36,sec-ch-ua="Not A(Brand";v="8", "Chromium";v="132", "Google Chrome";v="132",sec-ch-ua-mobile=?0,accept=text/css,*/*;q=0.1,sec-fetch-site=same-origin,sec-fetch-mode=no-cors,sec-fetch-dest=style,referer=http://localhost:8080/member/signup/form,accept-encoding=gzip, deflate, br, zstd,accept-language=ko-KR,ko;q=0.9,cookie=JSESSIONID=1CDF1BCEB2C41AC436FC0DCB4AE6AAFA,]
[2025-02-11 17:27:13.844]  WARN 7724 --- [nio-8080-exec-4] .m.m.a.ExceptionHandlerExceptionResolver : Resolved [org.springframework.web.servlet.resource.NoResourceFoundException: No static resource favicon.ico.]
[2025-02-11 17:27:13.846]  INFO 7724 --- [nio-8080-exec-4] k.c.g.f.RequestLoggingFilter             : 응답 시간 : 5
[2025-02-11 17:27:13.846]  INFO 7724 --- [nio-8080-exec-4] k.c.g.f.RequestLoggingFilter             : 요청 정보 : method = GET,URL = http://localhost:8080/favicon.ico,headers=[host=localhost:8080,connection=keep-alive,sec-ch-ua-platform="Windows",user-agent=Mozilla/5.0 (Windows NT 10.0; Win64; x64) AppleWebKit/537.36 (KHTML, like Gecko) Chrome/132.0.0.0 Safari/537.36,sec-ch-ua="Not A(Brand";v="8", "Chromium";v="132", "Google Chrome";v="132",sec-ch-ua-mobile=?0,accept=image/avif,image/webp,image/apng,image/svg+xml,image/*,*/*;q=0.8,sec-fetch-site=same-origin,sec-fetch-mode=no-cors,sec-fetch-dest=image,referer=http://localhost:8080/member/signup/form,accept-encoding=gzip, deflate, br, zstd,accept-language=ko-KR,ko;q=0.9,cookie=JSESSIONID=1CDF1BCEB2C41AC436FC0DCB4AE6AAFA,]
[2025-02-11 17:27:19.578]  WARN 7724 --- [nio-8080-exec-5] .m.m.a.ExceptionHandlerExceptionResolver : Resolved [org.springframework.web.servlet.resource.NoResourceFoundException: No static resource member/checkId.]
[2025-02-11 17:27:19.582]  INFO 7724 --- [nio-8080-exec-5] k.c.g.f.RequestLoggingFilter             : 응답 시간 : 8
[2025-02-11 17:27:19.582]  INFO 7724 --- [nio-8080-exec-5] k.c.g.f.RequestLoggingFilter             : 요청 정보 : method = GET,URL = http://localhost:8080/member/checkId/,headers=[host=localhost:8080,connection=keep-alive,sec-ch-ua-platform="Windows",x-requested-with=XMLHttpRequest,user-agent=Mozilla/5.0 (Windows NT 10.0; Win64; x64) AppleWebKit/537.36 (KHTML, like Gecko) Chrome/132.0.0.0 Safari/537.36,accept=*/*,sec-ch-ua="Not A(Brand";v="8", "Chromium";v="132", "Google Chrome";v="132",sec-ch-ua-mobile=?0,sec-fetch-site=same-origin,sec-fetch-mode=cors,sec-fetch-dest=empty,referer=http://localhost:8080/member/signup/form,accept-encoding=gzip, deflate, br, zstd,accept-language=ko-KR,ko;q=0.9,cookie=JSESSIONID=1CDF1BCEB2C41AC436FC0DCB4AE6AAFA,]
[2025-02-11 17:27:24.834]  WARN 7724 --- [nio-8080-exec-6] .m.m.a.ExceptionHandlerExceptionResolver : Resolved [org.springframework.web.servlet.resource.NoResourceFoundException: No static resource member/checkId.]
[2025-02-11 17:27:24.838]  INFO 7724 --- [nio-8080-exec-6] k.c.g.f.RequestLoggingFilter             : 응답 시간 : 9
[2025-02-11 17:27:24.839]  INFO 7724 --- [nio-8080-exec-6] k.c.g.f.RequestLoggingFilter             : 요청 정보 : method = GET,URL = http://localhost:8080/member/checkId/,headers=[host=localhost:8080,connection=keep-alive,sec-ch-ua-platform="Windows",x-requested-with=XMLHttpRequest,user-agent=Mozilla/5.0 (Windows NT 10.0; Win64; x64) AppleWebKit/537.36 (KHTML, like Gecko) Chrome/132.0.0.0 Safari/537.36,accept=*/*,sec-ch-ua="Not A(Brand";v="8", "Chromium";v="132", "Google Chrome";v="132",sec-ch-ua-mobile=?0,sec-fetch-site=same-origin,sec-fetch-mode=cors,sec-fetch-dest=empty,referer=http://localhost:8080/member/signup/form,accept-encoding=gzip, deflate, br, zstd,accept-language=ko-KR,ko;q=0.9,cookie=JSESSIONID=1CDF1BCEB2C41AC436FC0DCB4AE6AAFA,]
[2025-02-11 17:27:24.845]  WARN 7724 --- [nio-8080-exec-6] .m.m.a.ExceptionHandlerExceptionResolver : Resolved [org.springframework.web.servlet.resource.NoResourceFoundException: No static resource member/checkId.]
[2025-02-11 17:27:24.849]  INFO 7724 --- [nio-8080-exec-6] k.c.g.f.RequestLoggingFilter             : 응답 시간 : 8
[2025-02-11 17:27:24.850]  INFO 7724 --- [nio-8080-exec-6] k.c.g.f.RequestLoggingFilter             : 요청 정보 : method = GET,URL = http://localhost:8080/member/checkId/,headers=[host=localhost:8080,connection=keep-alive,sec-ch-ua-platform="Windows",x-requested-with=XMLHttpRequest,user-agent=Mozilla/5.0 (Windows NT 10.0; Win64; x64) AppleWebKit/537.36 (KHTML, like Gecko) Chrome/132.0.0.0 Safari/537.36,accept=*/*,sec-ch-ua="Not A(Brand";v="8", "Chromium";v="132", "Google Chrome";v="132",sec-ch-ua-mobile=?0,sec-fetch-site=same-origin,sec-fetch-mode=cors,sec-fetch-dest=empty,referer=http://localhost:8080/member/signup/form,accept-encoding=gzip, deflate, br, zstd,accept-language=ko-KR,ko;q=0.9,cookie=JSESSIONID=1CDF1BCEB2C41AC436FC0DCB4AE6AAFA,]
[2025-02-11 17:27:25.287]  INFO 7724 --- [nio-8080-exec-8] c.z.h.HikariDataSource                   : HikariPool-5 - Starting...
[2025-02-11 17:27:25.288]  WARN 7724 --- [nio-8080-exec-8] c.z.h.u.DriverDataSource                 : Registered driver with driverClassName=oracle.jdbc.driver.OracleDriver was not found, trying direct instantiation.
[2025-02-11 17:27:25.380]  INFO 7724 --- [nio-8080-exec-8] c.z.h.p.HikariPool                       : HikariPool-5 - Added connection oracle.jdbc.driver.T4CConnection@2f463263
[2025-02-11 17:27:25.380]  INFO 7724 --- [nio-8080-exec-8] c.z.h.HikariDataSource                   : HikariPool-5 - Start completed.
[2025-02-11 17:27:25.382]  INFO 7724 --- [nio-8080-exec-8] k.c.g.f.RequestLoggingFilter             : 응답 시간 : 95
[2025-02-11 17:27:25.382]  INFO 7724 --- [nio-8080-exec-8] k.c.g.f.RequestLoggingFilter             : 요청 정보 : method = GET,URL = http://localhost:8080/member/checkId/q,headers=[host=localhost:8080,connection=keep-alive,sec-ch-ua-platform="Windows",x-requested-with=XMLHttpRequest,user-agent=Mozilla/5.0 (Windows NT 10.0; Win64; x64) AppleWebKit/537.36 (KHTML, like Gecko) Chrome/132.0.0.0 Safari/537.36,accept=*/*,sec-ch-ua="Not A(Brand";v="8", "Chromium";v="132", "Google Chrome";v="132",sec-ch-ua-mobile=?0,sec-fetch-site=same-origin,sec-fetch-mode=cors,sec-fetch-dest=empty,referer=http://localhost:8080/member/signup/form,accept-encoding=gzip, deflate, br, zstd,accept-language=ko-KR,ko;q=0.9,cookie=JSESSIONID=1CDF1BCEB2C41AC436FC0DCB4AE6AAFA,]
[2025-02-11 17:27:25.503]  INFO 7724 --- [nio-8080-exec-9] k.c.g.f.RequestLoggingFilter             : 응답 시간 : 5
[2025-02-11 17:27:25.504]  INFO 7724 --- [nio-8080-exec-9] k.c.g.f.RequestLoggingFilter             : 요청 정보 : method = GET,URL = http://localhost:8080/member/checkId/qwe,headers=[host=localhost:8080,connection=keep-alive,sec-ch-ua-platform="Windows",x-requested-with=XMLHttpRequest,user-agent=Mozilla/5.0 (Windows NT 10.0; Win64; x64) AppleWebKit/537.36 (KHTML, like Gecko) Chrome/132.0.0.0 Safari/537.36,accept=*/*,sec-ch-ua="Not A(Brand";v="8", "Chromium";v="132", "Google Chrome";v="132",sec-ch-ua-mobile=?0,sec-fetch-site=same-origin,sec-fetch-mode=cors,sec-fetch-dest=empty,referer=http://localhost:8080/member/signup/form,accept-encoding=gzip, deflate, br, zstd,accept-language=ko-KR,ko;q=0.9,cookie=JSESSIONID=1CDF1BCEB2C41AC436FC0DCB4AE6AAFA,]
[2025-02-11 17:27:25.530]  INFO 7724 --- [io-8080-exec-10] k.c.g.f.RequestLoggingFilter             : 응답 시간 : 3
[2025-02-11 17:27:25.530]  INFO 7724 --- [io-8080-exec-10] k.c.g.f.RequestLoggingFilter             : 요청 정보 : method = GET,URL = http://localhost:8080/member/checkId/qwe,headers=[host=localhost:8080,connection=keep-alive,sec-ch-ua-platform="Windows",x-requested-with=XMLHttpRequest,user-agent=Mozilla/5.0 (Windows NT 10.0; Win64; x64) AppleWebKit/537.36 (KHTML, like Gecko) Chrome/132.0.0.0 Safari/537.36,accept=*/*,sec-ch-ua="Not A(Brand";v="8", "Chromium";v="132", "Google Chrome";v="132",sec-ch-ua-mobile=?0,sec-fetch-site=same-origin,sec-fetch-mode=cors,sec-fetch-dest=empty,referer=http://localhost:8080/member/signup/form,accept-encoding=gzip, deflate, br, zstd,accept-language=ko-KR,ko;q=0.9,cookie=JSESSIONID=1CDF1BCEB2C41AC436FC0DCB4AE6AAFA,]
[2025-02-11 17:27:25.648]  INFO 7724 --- [nio-8080-exec-1] k.c.g.f.RequestLoggingFilter             : 응답 시간 : 2
[2025-02-11 17:27:25.648]  INFO 7724 --- [nio-8080-exec-1] k.c.g.f.RequestLoggingFilter             : 요청 정보 : method = GET,URL = http://localhost:8080/member/checkId/qw,headers=[host=localhost:8080,connection=keep-alive,sec-ch-ua-platform="Windows",x-requested-with=XMLHttpRequest,user-agent=Mozilla/5.0 (Windows NT 10.0; Win64; x64) AppleWebKit/537.36 (KHTML, like Gecko) Chrome/132.0.0.0 Safari/537.36,accept=*/*,sec-ch-ua="Not A(Brand";v="8", "Chromium";v="132", "Google Chrome";v="132",sec-ch-ua-mobile=?0,sec-fetch-site=same-origin,sec-fetch-mode=cors,sec-fetch-dest=empty,referer=http://localhost:8080/member/signup/form,accept-encoding=gzip, deflate, br, zstd,accept-language=ko-KR,ko;q=0.9,cookie=JSESSIONID=1CDF1BCEB2C41AC436FC0DCB4AE6AAFA,]
[2025-02-11 17:27:25.816]  INFO 7724 --- [nio-8080-exec-3] k.c.g.f.RequestLoggingFilter             : 응답 시간 : 1
[2025-02-11 17:27:25.817]  INFO 7724 --- [nio-8080-exec-3] k.c.g.f.RequestLoggingFilter             : 요청 정보 : method = GET,URL = http://localhost:8080/member/checkId/q,headers=[host=localhost:8080,connection=keep-alive,sec-ch-ua-platform="Windows",x-requested-with=XMLHttpRequest,user-agent=Mozilla/5.0 (Windows NT 10.0; Win64; x64) AppleWebKit/537.36 (KHTML, like Gecko) Chrome/132.0.0.0 Safari/537.36,accept=*/*,sec-ch-ua="Not A(Brand";v="8", "Chromium";v="132", "Google Chrome";v="132",sec-ch-ua-mobile=?0,sec-fetch-site=same-origin,sec-fetch-mode=cors,sec-fetch-dest=empty,referer=http://localhost:8080/member/signup/form,accept-encoding=gzip, deflate, br, zstd,accept-language=ko-KR,ko;q=0.9,cookie=JSESSIONID=1CDF1BCEB2C41AC436FC0DCB4AE6AAFA,]
[2025-02-11 17:27:25.999]  WARN 7724 --- [nio-8080-exec-2] .m.m.a.ExceptionHandlerExceptionResolver : Resolved [org.springframework.web.servlet.resource.NoResourceFoundException: No static resource member/checkId.]
[2025-02-11 17:27:26.001]  INFO 7724 --- [nio-8080-exec-2] k.c.g.f.RequestLoggingFilter             : 응답 시간 : 2
[2025-02-11 17:27:26.001]  INFO 7724 --- [nio-8080-exec-2] k.c.g.f.RequestLoggingFilter             : 요청 정보 : method = GET,URL = http://localhost:8080/member/checkId/,headers=[host=localhost:8080,connection=keep-alive,sec-ch-ua-platform="Windows",x-requested-with=XMLHttpRequest,user-agent=Mozilla/5.0 (Windows NT 10.0; Win64; x64) AppleWebKit/537.36 (KHTML, like Gecko) Chrome/132.0.0.0 Safari/537.36,accept=*/*,sec-ch-ua="Not A(Brand";v="8", "Chromium";v="132", "Google Chrome";v="132",sec-ch-ua-mobile=?0,sec-fetch-site=same-origin,sec-fetch-mode=cors,sec-fetch-dest=empty,referer=http://localhost:8080/member/signup/form,accept-encoding=gzip, deflate, br, zstd,accept-language=ko-KR,ko;q=0.9,cookie=JSESSIONID=1CDF1BCEB2C41AC436FC0DCB4AE6AAFA,]
[2025-02-11 17:27:26.175]  WARN 7724 --- [nio-8080-exec-4] .m.m.a.ExceptionHandlerExceptionResolver : Resolved [org.springframework.web.servlet.resource.NoResourceFoundException: No static resource member/checkId.]
[2025-02-11 17:27:26.176]  INFO 7724 --- [nio-8080-exec-4] k.c.g.f.RequestLoggingFilter             : 응답 시간 : 2
[2025-02-11 17:27:26.176]  INFO 7724 --- [nio-8080-exec-4] k.c.g.f.RequestLoggingFilter             : 요청 정보 : method = GET,URL = http://localhost:8080/member/checkId/,headers=[host=localhost:8080,connection=keep-alive,sec-ch-ua-platform="Windows",x-requested-with=XMLHttpRequest,user-agent=Mozilla/5.0 (Windows NT 10.0; Win64; x64) AppleWebKit/537.36 (KHTML, like Gecko) Chrome/132.0.0.0 Safari/537.36,accept=*/*,sec-ch-ua="Not A(Brand";v="8", "Chromium";v="132", "Google Chrome";v="132",sec-ch-ua-mobile=?0,sec-fetch-site=same-origin,sec-fetch-mode=cors,sec-fetch-dest=empty,referer=http://localhost:8080/member/signup/form,accept-encoding=gzip, deflate, br, zstd,accept-language=ko-KR,ko;q=0.9,cookie=JSESSIONID=1CDF1BCEB2C41AC436FC0DCB4AE6AAFA,]
[2025-02-11 17:27:26.377]  INFO 7724 --- [nio-8080-exec-5] k.c.g.f.RequestLoggingFilter             : 응답 시간 : 3
[2025-02-11 17:27:26.377]  INFO 7724 --- [nio-8080-exec-5] k.c.g.f.RequestLoggingFilter             : 요청 정보 : method = GET,URL = http://localhost:8080/member/checkId/12,headers=[host=localhost:8080,connection=keep-alive,sec-ch-ua-platform="Windows",x-requested-with=XMLHttpRequest,user-agent=Mozilla/5.0 (Windows NT 10.0; Win64; x64) AppleWebKit/537.36 (KHTML, like Gecko) Chrome/132.0.0.0 Safari/537.36,accept=*/*,sec-ch-ua="Not A(Brand";v="8", "Chromium";v="132", "Google Chrome";v="132",sec-ch-ua-mobile=?0,sec-fetch-site=same-origin,sec-fetch-mode=cors,sec-fetch-dest=empty,referer=http://localhost:8080/member/signup/form,accept-encoding=gzip, deflate, br, zstd,accept-language=ko-KR,ko;q=0.9,cookie=JSESSIONID=1CDF1BCEB2C41AC436FC0DCB4AE6AAFA,]
[2025-02-11 17:27:26.400]  INFO 7724 --- [nio-8080-exec-7] k.c.g.f.RequestLoggingFilter             : 응답 시간 : 2
[2025-02-11 17:27:26.400]  INFO 7724 --- [nio-8080-exec-7] k.c.g.f.RequestLoggingFilter             : 요청 정보 : method = GET,URL = http://localhost:8080/member/checkId/123,headers=[host=localhost:8080,connection=keep-alive,sec-ch-ua-platform="Windows",x-requested-with=XMLHttpRequest,user-agent=Mozilla/5.0 (Windows NT 10.0; Win64; x64) AppleWebKit/537.36 (KHTML, like Gecko) Chrome/132.0.0.0 Safari/537.36,accept=*/*,sec-ch-ua="Not A(Brand";v="8", "Chromium";v="132", "Google Chrome";v="132",sec-ch-ua-mobile=?0,sec-fetch-site=same-origin,sec-fetch-mode=cors,sec-fetch-dest=empty,referer=http://localhost:8080/member/signup/form,accept-encoding=gzip, deflate, br, zstd,accept-language=ko-KR,ko;q=0.9,cookie=JSESSIONID=1CDF1BCEB2C41AC436FC0DCB4AE6AAFA,]
[2025-02-11 17:27:26.432]  INFO 7724 --- [nio-8080-exec-6] k.c.g.f.RequestLoggingFilter             : 응답 시간 : 2
[2025-02-11 17:27:26.432]  INFO 7724 --- [nio-8080-exec-6] k.c.g.f.RequestLoggingFilter             : 요청 정보 : method = GET,URL = http://localhost:8080/member/checkId/123,headers=[host=localhost:8080,connection=keep-alive,sec-ch-ua-platform="Windows",x-requested-with=XMLHttpRequest,user-agent=Mozilla/5.0 (Windows NT 10.0; Win64; x64) AppleWebKit/537.36 (KHTML, like Gecko) Chrome/132.0.0.0 Safari/537.36,accept=*/*,sec-ch-ua="Not A(Brand";v="8", "Chromium";v="132", "Google Chrome";v="132",sec-ch-ua-mobile=?0,sec-fetch-site=same-origin,sec-fetch-mode=cors,sec-fetch-dest=empty,referer=http://localhost:8080/member/signup/form,accept-encoding=gzip, deflate, br, zstd,accept-language=ko-KR,ko;q=0.9,cookie=JSESSIONID=1CDF1BCEB2C41AC436FC0DCB4AE6AAFA,]
[2025-02-11 17:27:26.588]  INFO 7724 --- [nio-8080-exec-8] k.c.g.f.RequestLoggingFilter             : 응답 시간 : 3
[2025-02-11 17:27:26.588]  INFO 7724 --- [nio-8080-exec-8] k.c.g.f.RequestLoggingFilter             : 요청 정보 : method = GET,URL = http://localhost:8080/member/checkId/12,headers=[host=localhost:8080,connection=keep-alive,sec-ch-ua-platform="Windows",x-requested-with=XMLHttpRequest,user-agent=Mozilla/5.0 (Windows NT 10.0; Win64; x64) AppleWebKit/537.36 (KHTML, like Gecko) Chrome/132.0.0.0 Safari/537.36,accept=*/*,sec-ch-ua="Not A(Brand";v="8", "Chromium";v="132", "Google Chrome";v="132",sec-ch-ua-mobile=?0,sec-fetch-site=same-origin,sec-fetch-mode=cors,sec-fetch-dest=empty,referer=http://localhost:8080/member/signup/form,accept-encoding=gzip, deflate, br, zstd,accept-language=ko-KR,ko;q=0.9,cookie=JSESSIONID=1CDF1BCEB2C41AC436FC0DCB4AE6AAFA,]
[2025-02-11 17:27:26.767]  INFO 7724 --- [nio-8080-exec-9] k.c.g.f.RequestLoggingFilter             : 응답 시간 : 4
[2025-02-11 17:27:26.768]  INFO 7724 --- [nio-8080-exec-9] k.c.g.f.RequestLoggingFilter             : 요청 정보 : method = GET,URL = http://localhost:8080/member/checkId/1,headers=[host=localhost:8080,connection=keep-alive,sec-ch-ua-platform="Windows",x-requested-with=XMLHttpRequest,user-agent=Mozilla/5.0 (Windows NT 10.0; Win64; x64) AppleWebKit/537.36 (KHTML, like Gecko) Chrome/132.0.0.0 Safari/537.36,accept=*/*,sec-ch-ua="Not A(Brand";v="8", "Chromium";v="132", "Google Chrome";v="132",sec-ch-ua-mobile=?0,sec-fetch-site=same-origin,sec-fetch-mode=cors,sec-fetch-dest=empty,referer=http://localhost:8080/member/signup/form,accept-encoding=gzip, deflate, br, zstd,accept-language=ko-KR,ko;q=0.9,cookie=JSESSIONID=1CDF1BCEB2C41AC436FC0DCB4AE6AAFA,]
[2025-02-11 17:27:26.950]  WARN 7724 --- [io-8080-exec-10] .m.m.a.ExceptionHandlerExceptionResolver : Resolved [org.springframework.web.servlet.resource.NoResourceFoundException: No static resource member/checkId.]
[2025-02-11 17:27:26.954]  INFO 7724 --- [io-8080-exec-10] k.c.g.f.RequestLoggingFilter             : 응답 시간 : 6
[2025-02-11 17:27:26.954]  INFO 7724 --- [io-8080-exec-10] k.c.g.f.RequestLoggingFilter             : 요청 정보 : method = GET,URL = http://localhost:8080/member/checkId/,headers=[host=localhost:8080,connection=keep-alive,sec-ch-ua-platform="Windows",x-requested-with=XMLHttpRequest,user-agent=Mozilla/5.0 (Windows NT 10.0; Win64; x64) AppleWebKit/537.36 (KHTML, like Gecko) Chrome/132.0.0.0 Safari/537.36,accept=*/*,sec-ch-ua="Not A(Brand";v="8", "Chromium";v="132", "Google Chrome";v="132",sec-ch-ua-mobile=?0,sec-fetch-site=same-origin,sec-fetch-mode=cors,sec-fetch-dest=empty,referer=http://localhost:8080/member/signup/form,accept-encoding=gzip, deflate, br, zstd,accept-language=ko-KR,ko;q=0.9,cookie=JSESSIONID=1CDF1BCEB2C41AC436FC0DCB4AE6AAFA,]
[2025-02-11 17:27:27.120]  WARN 7724 --- [nio-8080-exec-1] .m.m.a.ExceptionHandlerExceptionResolver : Resolved [org.springframework.web.servlet.resource.NoResourceFoundException: No static resource member/checkId.]
[2025-02-11 17:27:27.121]  INFO 7724 --- [nio-8080-exec-1] k.c.g.f.RequestLoggingFilter             : 응답 시간 : 2
[2025-02-11 17:27:27.121]  INFO 7724 --- [nio-8080-exec-1] k.c.g.f.RequestLoggingFilter             : 요청 정보 : method = GET,URL = http://localhost:8080/member/checkId/,headers=[host=localhost:8080,connection=keep-alive,sec-ch-ua-platform="Windows",x-requested-with=XMLHttpRequest,user-agent=Mozilla/5.0 (Windows NT 10.0; Win64; x64) AppleWebKit/537.36 (KHTML, like Gecko) Chrome/132.0.0.0 Safari/537.36,accept=*/*,sec-ch-ua="Not A(Brand";v="8", "Chromium";v="132", "Google Chrome";v="132",sec-ch-ua-mobile=?0,sec-fetch-site=same-origin,sec-fetch-mode=cors,sec-fetch-dest=empty,referer=http://localhost:8080/member/signup/form,accept-encoding=gzip, deflate, br, zstd,accept-language=ko-KR,ko;q=0.9,cookie=JSESSIONID=1CDF1BCEB2C41AC436FC0DCB4AE6AAFA,]
[2025-02-11 17:27:27.257]  INFO 7724 --- [nio-8080-exec-3] k.c.g.f.RequestLoggingFilter             : 응답 시간 : 2
[2025-02-11 17:27:27.257]  INFO 7724 --- [nio-8080-exec-3] k.c.g.f.RequestLoggingFilter             : 요청 정보 : method = GET,URL = http://localhost:8080/member/checkId/qw,headers=[host=localhost:8080,connection=keep-alive,sec-ch-ua-platform="Windows",x-requested-with=XMLHttpRequest,user-agent=Mozilla/5.0 (Windows NT 10.0; Win64; x64) AppleWebKit/537.36 (KHTML, like Gecko) Chrome/132.0.0.0 Safari/537.36,accept=*/*,sec-ch-ua="Not A(Brand";v="8", "Chromium";v="132", "Google Chrome";v="132",sec-ch-ua-mobile=?0,sec-fetch-site=same-origin,sec-fetch-mode=cors,sec-fetch-dest=empty,referer=http://localhost:8080/member/signup/form,accept-encoding=gzip, deflate, br, zstd,accept-language=ko-KR,ko;q=0.9,cookie=JSESSIONID=1CDF1BCEB2C41AC436FC0DCB4AE6AAFA,]
[2025-02-11 17:27:27.307]  INFO 7724 --- [nio-8080-exec-2] k.c.g.f.RequestLoggingFilter             : 응답 시간 : 3
[2025-02-11 17:27:27.307]  INFO 7724 --- [nio-8080-exec-2] k.c.g.f.RequestLoggingFilter             : 요청 정보 : method = GET,URL = http://localhost:8080/member/checkId/qwe,headers=[host=localhost:8080,connection=keep-alive,sec-ch-ua-platform="Windows",x-requested-with=XMLHttpRequest,user-agent=Mozilla/5.0 (Windows NT 10.0; Win64; x64) AppleWebKit/537.36 (KHTML, like Gecko) Chrome/132.0.0.0 Safari/537.36,accept=*/*,sec-ch-ua="Not A(Brand";v="8", "Chromium";v="132", "Google Chrome";v="132",sec-ch-ua-mobile=?0,sec-fetch-site=same-origin,sec-fetch-mode=cors,sec-fetch-dest=empty,referer=http://localhost:8080/member/signup/form,accept-encoding=gzip, deflate, br, zstd,accept-language=ko-KR,ko;q=0.9,cookie=JSESSIONID=1CDF1BCEB2C41AC436FC0DCB4AE6AAFA,]
[2025-02-11 17:27:27.361]  INFO 7724 --- [nio-8080-exec-4] k.c.g.f.RequestLoggingFilter             : 응답 시간 : 2
[2025-02-11 17:27:27.362]  INFO 7724 --- [nio-8080-exec-4] k.c.g.f.RequestLoggingFilter             : 요청 정보 : method = GET,URL = http://localhost:8080/member/checkId/qwe,headers=[host=localhost:8080,connection=keep-alive,sec-ch-ua-platform="Windows",x-requested-with=XMLHttpRequest,user-agent=Mozilla/5.0 (Windows NT 10.0; Win64; x64) AppleWebKit/537.36 (KHTML, like Gecko) Chrome/132.0.0.0 Safari/537.36,accept=*/*,sec-ch-ua="Not A(Brand";v="8", "Chromium";v="132", "Google Chrome";v="132",sec-ch-ua-mobile=?0,sec-fetch-site=same-origin,sec-fetch-mode=cors,sec-fetch-dest=empty,referer=http://localhost:8080/member/signup/form,accept-encoding=gzip, deflate, br, zstd,accept-language=ko-KR,ko;q=0.9,cookie=JSESSIONID=1CDF1BCEB2C41AC436FC0DCB4AE6AAFA,]
[2025-02-11 17:27:27.703]  INFO 7724 --- [nio-8080-exec-5] k.c.g.f.RequestLoggingFilter             : 응답 시간 : 4
[2025-02-11 17:27:27.704]  INFO 7724 --- [nio-8080-exec-5] k.c.g.f.RequestLoggingFilter             : 요청 정보 : method = GET,URL = http://localhost:8080/member/checkId/qwe1,headers=[host=localhost:8080,connection=keep-alive,sec-ch-ua-platform="Windows",x-requested-with=XMLHttpRequest,user-agent=Mozilla/5.0 (Windows NT 10.0; Win64; x64) AppleWebKit/537.36 (KHTML, like Gecko) Chrome/132.0.0.0 Safari/537.36,accept=*/*,sec-ch-ua="Not A(Brand";v="8", "Chromium";v="132", "Google Chrome";v="132",sec-ch-ua-mobile=?0,sec-fetch-site=same-origin,sec-fetch-mode=cors,sec-fetch-dest=empty,referer=http://localhost:8080/member/signup/form,accept-encoding=gzip, deflate, br, zstd,accept-language=ko-KR,ko;q=0.9,cookie=JSESSIONID=1CDF1BCEB2C41AC436FC0DCB4AE6AAFA,]
[2025-02-11 17:27:27.807]  INFO 7724 --- [nio-8080-exec-7] k.c.g.f.RequestLoggingFilter             : 응답 시간 : 4
[2025-02-11 17:27:27.808]  INFO 7724 --- [nio-8080-exec-7] k.c.g.f.RequestLoggingFilter             : 요청 정보 : method = GET,URL = http://localhost:8080/member/checkId/qwe,headers=[host=localhost:8080,connection=keep-alive,sec-ch-ua-platform="Windows",x-requested-with=XMLHttpRequest,user-agent=Mozilla/5.0 (Windows NT 10.0; Win64; x64) AppleWebKit/537.36 (KHTML, like Gecko) Chrome/132.0.0.0 Safari/537.36,accept=*/*,sec-ch-ua="Not A(Brand";v="8", "Chromium";v="132", "Google Chrome";v="132",sec-ch-ua-mobile=?0,sec-fetch-site=same-origin,sec-fetch-mode=cors,sec-fetch-dest=empty,referer=http://localhost:8080/member/signup/form,accept-encoding=gzip, deflate, br, zstd,accept-language=ko-KR,ko;q=0.9,cookie=JSESSIONID=1CDF1BCEB2C41AC436FC0DCB4AE6AAFA,]
[2025-02-11 17:27:27.993]  INFO 7724 --- [nio-8080-exec-6] k.c.g.f.RequestLoggingFilter             : 응답 시간 : 6
[2025-02-11 17:27:27.994]  INFO 7724 --- [nio-8080-exec-6] k.c.g.f.RequestLoggingFilter             : 요청 정보 : method = GET,URL = http://localhost:8080/member/checkId/qw,headers=[host=localhost:8080,connection=keep-alive,sec-ch-ua-platform="Windows",x-requested-with=XMLHttpRequest,user-agent=Mozilla/5.0 (Windows NT 10.0; Win64; x64) AppleWebKit/537.36 (KHTML, like Gecko) Chrome/132.0.0.0 Safari/537.36,accept=*/*,sec-ch-ua="Not A(Brand";v="8", "Chromium";v="132", "Google Chrome";v="132",sec-ch-ua-mobile=?0,sec-fetch-site=same-origin,sec-fetch-mode=cors,sec-fetch-dest=empty,referer=http://localhost:8080/member/signup/form,accept-encoding=gzip, deflate, br, zstd,accept-language=ko-KR,ko;q=0.9,cookie=JSESSIONID=1CDF1BCEB2C41AC436FC0DCB4AE6AAFA,]
[2025-02-11 17:27:28.176]  INFO 7724 --- [nio-8080-exec-8] k.c.g.f.RequestLoggingFilter             : 응답 시간 : 5
[2025-02-11 17:27:28.177]  INFO 7724 --- [nio-8080-exec-8] k.c.g.f.RequestLoggingFilter             : 요청 정보 : method = GET,URL = http://localhost:8080/member/checkId/q,headers=[host=localhost:8080,connection=keep-alive,sec-ch-ua-platform="Windows",x-requested-with=XMLHttpRequest,user-agent=Mozilla/5.0 (Windows NT 10.0; Win64; x64) AppleWebKit/537.36 (KHTML, like Gecko) Chrome/132.0.0.0 Safari/537.36,accept=*/*,sec-ch-ua="Not A(Brand";v="8", "Chromium";v="132", "Google Chrome";v="132",sec-ch-ua-mobile=?0,sec-fetch-site=same-origin,sec-fetch-mode=cors,sec-fetch-dest=empty,referer=http://localhost:8080/member/signup/form,accept-encoding=gzip, deflate, br, zstd,accept-language=ko-KR,ko;q=0.9,cookie=JSESSIONID=1CDF1BCEB2C41AC436FC0DCB4AE6AAFA,]
[2025-02-11 17:27:28.358]  WARN 7724 --- [nio-8080-exec-9] .m.m.a.ExceptionHandlerExceptionResolver : Resolved [org.springframework.web.servlet.resource.NoResourceFoundException: No static resource member/checkId.]
[2025-02-11 17:27:28.361]  INFO 7724 --- [nio-8080-exec-9] k.c.g.f.RequestLoggingFilter             : 응답 시간 : 6
[2025-02-11 17:27:28.362]  INFO 7724 --- [nio-8080-exec-9] k.c.g.f.RequestLoggingFilter             : 요청 정보 : method = GET,URL = http://localhost:8080/member/checkId/,headers=[host=localhost:8080,connection=keep-alive,sec-ch-ua-platform="Windows",x-requested-with=XMLHttpRequest,user-agent=Mozilla/5.0 (Windows NT 10.0; Win64; x64) AppleWebKit/537.36 (KHTML, like Gecko) Chrome/132.0.0.0 Safari/537.36,accept=*/*,sec-ch-ua="Not A(Brand";v="8", "Chromium";v="132", "Google Chrome";v="132",sec-ch-ua-mobile=?0,sec-fetch-site=same-origin,sec-fetch-mode=cors,sec-fetch-dest=empty,referer=http://localhost:8080/member/signup/form,accept-encoding=gzip, deflate, br, zstd,accept-language=ko-KR,ko;q=0.9,cookie=JSESSIONID=1CDF1BCEB2C41AC436FC0DCB4AE6AAFA,]
[2025-02-11 17:27:28.496]  WARN 7724 --- [io-8080-exec-10] .m.m.a.ExceptionHandlerExceptionResolver : Resolved [org.springframework.web.servlet.resource.NoResourceFoundException: No static resource member/checkId.]
[2025-02-11 17:27:28.497]  INFO 7724 --- [io-8080-exec-10] k.c.g.f.RequestLoggingFilter             : 응답 시간 : 2
[2025-02-11 17:27:28.497]  INFO 7724 --- [io-8080-exec-10] k.c.g.f.RequestLoggingFilter             : 요청 정보 : method = GET,URL = http://localhost:8080/member/checkId/,headers=[host=localhost:8080,connection=keep-alive,sec-ch-ua-platform="Windows",x-requested-with=XMLHttpRequest,user-agent=Mozilla/5.0 (Windows NT 10.0; Win64; x64) AppleWebKit/537.36 (KHTML, like Gecko) Chrome/132.0.0.0 Safari/537.36,accept=*/*,sec-ch-ua="Not A(Brand";v="8", "Chromium";v="132", "Google Chrome";v="132",sec-ch-ua-mobile=?0,sec-fetch-site=same-origin,sec-fetch-mode=cors,sec-fetch-dest=empty,referer=http://localhost:8080/member/signup/form,accept-encoding=gzip, deflate, br, zstd,accept-language=ko-KR,ko;q=0.9,cookie=JSESSIONID=1CDF1BCEB2C41AC436FC0DCB4AE6AAFA,]
[2025-02-11 17:27:28.641]  INFO 7724 --- [nio-8080-exec-1] k.c.g.f.RequestLoggingFilter             : 응답 시간 : 5
[2025-02-11 17:27:28.642]  INFO 7724 --- [nio-8080-exec-1] k.c.g.f.RequestLoggingFilter             : 요청 정보 : method = GET,URL = http://localhost:8080/member/checkId/qw,headers=[host=localhost:8080,connection=keep-alive,sec-ch-ua-platform="Windows",x-requested-with=XMLHttpRequest,user-agent=Mozilla/5.0 (Windows NT 10.0; Win64; x64) AppleWebKit/537.36 (KHTML, like Gecko) Chrome/132.0.0.0 Safari/537.36,accept=*/*,sec-ch-ua="Not A(Brand";v="8", "Chromium";v="132", "Google Chrome";v="132",sec-ch-ua-mobile=?0,sec-fetch-site=same-origin,sec-fetch-mode=cors,sec-fetch-dest=empty,referer=http://localhost:8080/member/signup/form,accept-encoding=gzip, deflate, br, zstd,accept-language=ko-KR,ko;q=0.9,cookie=JSESSIONID=1CDF1BCEB2C41AC436FC0DCB4AE6AAFA,]
[2025-02-11 17:27:28.667]  INFO 7724 --- [nio-8080-exec-3] k.c.g.f.RequestLoggingFilter             : 응답 시간 : 3
[2025-02-11 17:27:28.668]  INFO 7724 --- [nio-8080-exec-3] k.c.g.f.RequestLoggingFilter             : 요청 정보 : method = GET,URL = http://localhost:8080/member/checkId/qwe,headers=[host=localhost:8080,connection=keep-alive,sec-ch-ua-platform="Windows",x-requested-with=XMLHttpRequest,user-agent=Mozilla/5.0 (Windows NT 10.0; Win64; x64) AppleWebKit/537.36 (KHTML, like Gecko) Chrome/132.0.0.0 Safari/537.36,accept=*/*,sec-ch-ua="Not A(Brand";v="8", "Chromium";v="132", "Google Chrome";v="132",sec-ch-ua-mobile=?0,sec-fetch-site=same-origin,sec-fetch-mode=cors,sec-fetch-dest=empty,referer=http://localhost:8080/member/signup/form,accept-encoding=gzip, deflate, br, zstd,accept-language=ko-KR,ko;q=0.9,cookie=JSESSIONID=1CDF1BCEB2C41AC436FC0DCB4AE6AAFA,]
[2025-02-11 17:27:28.720]  INFO 7724 --- [nio-8080-exec-2] k.c.g.f.RequestLoggingFilter             : 응답 시간 : 1
[2025-02-11 17:27:28.720]  INFO 7724 --- [nio-8080-exec-2] k.c.g.f.RequestLoggingFilter             : 요청 정보 : method = GET,URL = http://localhost:8080/member/checkId/qwe,headers=[host=localhost:8080,connection=keep-alive,sec-ch-ua-platform="Windows",x-requested-with=XMLHttpRequest,user-agent=Mozilla/5.0 (Windows NT 10.0; Win64; x64) AppleWebKit/537.36 (KHTML, like Gecko) Chrome/132.0.0.0 Safari/537.36,accept=*/*,sec-ch-ua="Not A(Brand";v="8", "Chromium";v="132", "Google Chrome";v="132",sec-ch-ua-mobile=?0,sec-fetch-site=same-origin,sec-fetch-mode=cors,sec-fetch-dest=empty,referer=http://localhost:8080/member/signup/form,accept-encoding=gzip, deflate, br, zstd,accept-language=ko-KR,ko;q=0.9,cookie=JSESSIONID=1CDF1BCEB2C41AC436FC0DCB4AE6AAFA,]
[2025-02-11 17:27:28.879]  INFO 7724 --- [nio-8080-exec-4] k.c.g.f.RequestLoggingFilter             : 응답 시간 : 4
[2025-02-11 17:27:28.880]  INFO 7724 --- [nio-8080-exec-4] k.c.g.f.RequestLoggingFilter             : 요청 정보 : method = GET,URL = http://localhost:8080/member/checkId/qwe12,headers=[host=localhost:8080,connection=keep-alive,sec-ch-ua-platform="Windows",x-requested-with=XMLHttpRequest,user-agent=Mozilla/5.0 (Windows NT 10.0; Win64; x64) AppleWebKit/537.36 (KHTML, like Gecko) Chrome/132.0.0.0 Safari/537.36,accept=*/*,sec-ch-ua="Not A(Brand";v="8", "Chromium";v="132", "Google Chrome";v="132",sec-ch-ua-mobile=?0,sec-fetch-site=same-origin,sec-fetch-mode=cors,sec-fetch-dest=empty,referer=http://localhost:8080/member/signup/form,accept-encoding=gzip, deflate, br, zstd,accept-language=ko-KR,ko;q=0.9,cookie=JSESSIONID=1CDF1BCEB2C41AC436FC0DCB4AE6AAFA,]
[2025-02-11 17:27:28.983]  INFO 7724 --- [nio-8080-exec-5] k.c.g.f.RequestLoggingFilter             : 응답 시간 : 4
[2025-02-11 17:27:28.984]  INFO 7724 --- [nio-8080-exec-5] k.c.g.f.RequestLoggingFilter             : 요청 정보 : method = GET,URL = http://localhost:8080/member/checkId/qwe123,headers=[host=localhost:8080,connection=keep-alive,sec-ch-ua-platform="Windows",x-requested-with=XMLHttpRequest,user-agent=Mozilla/5.0 (Windows NT 10.0; Win64; x64) AppleWebKit/537.36 (KHTML, like Gecko) Chrome/132.0.0.0 Safari/537.36,accept=*/*,sec-ch-ua="Not A(Brand";v="8", "Chromium";v="132", "Google Chrome";v="132",sec-ch-ua-mobile=?0,sec-fetch-site=same-origin,sec-fetch-mode=cors,sec-fetch-dest=empty,referer=http://localhost:8080/member/signup/form,accept-encoding=gzip, deflate, br, zstd,accept-language=ko-KR,ko;q=0.9,cookie=JSESSIONID=1CDF1BCEB2C41AC436FC0DCB4AE6AAFA,]
[2025-02-11 17:27:29.031]  INFO 7724 --- [nio-8080-exec-7] k.c.g.f.RequestLoggingFilter             : 응답 시간 : 4
[2025-02-11 17:27:29.032]  INFO 7724 --- [nio-8080-exec-7] k.c.g.f.RequestLoggingFilter             : 요청 정보 : method = GET,URL = http://localhost:8080/member/checkId/qwe123,headers=[host=localhost:8080,connection=keep-alive,sec-ch-ua-platform="Windows",x-requested-with=XMLHttpRequest,user-agent=Mozilla/5.0 (Windows NT 10.0; Win64; x64) AppleWebKit/537.36 (KHTML, like Gecko) Chrome/132.0.0.0 Safari/537.36,accept=*/*,sec-ch-ua="Not A(Brand";v="8", "Chromium";v="132", "Google Chrome";v="132",sec-ch-ua-mobile=?0,sec-fetch-site=same-origin,sec-fetch-mode=cors,sec-fetch-dest=empty,referer=http://localhost:8080/member/signup/form,accept-encoding=gzip, deflate, br, zstd,accept-language=ko-KR,ko;q=0.9,cookie=JSESSIONID=1CDF1BCEB2C41AC436FC0DCB4AE6AAFA,]
[2025-02-11 17:27:34.716]  INFO 7724 --- [nio-8080-exec-6] k.c.g.m.c.MemberController               : 회원가입 요청 : 아이디 = qwe123
[2025-02-11 17:27:34.721]  INFO 7724 --- [nio-8080-exec-6] k.c.g.f.RequestLoggingFilter             : 응답 시간 : 8
[2025-02-11 17:27:34.721]  INFO 7724 --- [nio-8080-exec-6] k.c.g.f.RequestLoggingFilter             : 요청 정보 : method = POST,URL = http://localhost:8080/member/signup,headers=[host=localhost:8080,connection=keep-alive,content-length=87,cache-control=max-age=0,sec-ch-ua="Not A(Brand";v="8", "Chromium";v="132", "Google Chrome";v="132",sec-ch-ua-mobile=?0,sec-ch-ua-platform="Windows",origin=http://localhost:8080,content-type=application/x-www-form-urlencoded,upgrade-insecure-requests=1,user-agent=Mozilla/5.0 (Windows NT 10.0; Win64; x64) AppleWebKit/537.36 (KHTML, like Gecko) Chrome/132.0.0.0 Safari/537.36,accept=text/html,application/xhtml+xml,application/xml;q=0.9,image/avif,image/webp,image/apng,*/*;q=0.8,application/signed-exchange;v=b3;q=0.7,sec-fetch-site=same-origin,sec-fetch-mode=navigate,sec-fetch-user=?1,sec-fetch-dest=document,referer=http://localhost:8080/member/signup/form,accept-encoding=gzip, deflate, br, zstd,accept-language=ko-KR,ko;q=0.9,cookie=JSESSIONID=1CDF1BCEB2C41AC436FC0DCB4AE6AAFA,]
[2025-02-11 17:27:34.732]  INFO 7724 --- [nio-8080-exec-8] k.c.g.f.RequestLoggingFilter             : 응답 시간 : 1
[2025-02-11 17:27:34.732]  INFO 7724 --- [nio-8080-exec-8] k.c.g.f.RequestLoggingFilter             : 요청 정보 : method = GET,URL = http://localhost:8080/css/main.css,headers=[host=localhost:8080,connection=keep-alive,sec-ch-ua-platform="Windows",user-agent=Mozilla/5.0 (Windows NT 10.0; Win64; x64) AppleWebKit/537.36 (KHTML, like Gecko) Chrome/132.0.0.0 Safari/537.36,sec-ch-ua="Not A(Brand";v="8", "Chromium";v="132", "Google Chrome";v="132",sec-ch-ua-mobile=?0,accept=text/css,*/*;q=0.1,sec-fetch-site=same-origin,sec-fetch-mode=no-cors,sec-fetch-dest=style,referer=http://localhost:8080/member/signup,accept-encoding=gzip, deflate, br, zstd,accept-language=ko-KR,ko;q=0.9,cookie=JSESSIONID=1CDF1BCEB2C41AC436FC0DCB4AE6AAFA,]
[2025-02-11 17:27:34.743]  WARN 7724 --- [nio-8080-exec-9] .m.m.a.ExceptionHandlerExceptionResolver : Resolved [org.springframework.web.servlet.resource.NoResourceFoundException: No static resource favicon.ico.]
[2025-02-11 17:27:34.744]  INFO 7724 --- [nio-8080-exec-9] k.c.g.f.RequestLoggingFilter             : 응답 시간 : 3
[2025-02-11 17:27:34.745]  INFO 7724 --- [nio-8080-exec-9] k.c.g.f.RequestLoggingFilter             : 요청 정보 : method = GET,URL = http://localhost:8080/favicon.ico,headers=[host=localhost:8080,connection=keep-alive,sec-ch-ua-platform="Windows",user-agent=Mozilla/5.0 (Windows NT 10.0; Win64; x64) AppleWebKit/537.36 (KHTML, like Gecko) Chrome/132.0.0.0 Safari/537.36,sec-ch-ua="Not A(Brand";v="8", "Chromium";v="132", "Google Chrome";v="132",sec-ch-ua-mobile=?0,accept=image/avif,image/webp,image/apng,image/svg+xml,image/*,*/*;q=0.8,sec-fetch-site=same-origin,sec-fetch-mode=no-cors,sec-fetch-dest=image,referer=http://localhost:8080/member/signup,accept-encoding=gzip, deflate, br, zstd,accept-language=ko-KR,ko;q=0.9,cookie=JSESSIONID=1CDF1BCEB2C41AC436FC0DCB4AE6AAFA,]
