[2025-02-11 16:36:11.378]  INFO 12320 --- [n(69)-127.0.0.1] o.s.c.s.DefaultLifecycleProcessor        : Shutdown phase 2147482623 ends with 1 bean still running after timeout of 30000ms: [webServerGracefulShutdown]
[2025-02-11 16:36:11.382]  INFO 12320 --- [n(69)-127.0.0.1] o.a.c.h.Http11NioProtocol                : Stopping ProtocolHandler ["http-nio-8080"]
[2025-02-11 16:36:11.387]  INFO 12320 --- [tomcat-shutdown] o.s.b.w.e.t.GracefulShutdown             : Graceful shutdown aborted with one or more requests still active
[2025-02-11 16:36:16.424]  WARN 12320 --- [n(69)-127.0.0.1] o.a.t.u.n.NioEndpoint                    : The executor associated with thread pool [http-nio-8080] has not fully shutdown. Some application threads may still be running.
[2025-02-11 16:36:22.397]  INFO ${sys:PID} --- [           main] k.c.g.SpringProject4Application          : 스프링 프로젝트가 시작중입니다.
[2025-02-11 16:36:22.548]  INFO ${sys:PID} --- [  restartedMain] k.c.g.SpringProject4Application          : 스프링 프로젝트가 시작중입니다.
[2025-02-11 16:36:22.843]  INFO 6136 --- [kground-preinit] o.h.v.i.u.Version                        : HV000001: Hibernate Validator 8.0.2.Final
[2025-02-11 16:36:22.890]  INFO 6136 --- [  restartedMain] k.c.g.SpringProject4Application          : Starting SpringProject4Application using Java 17.0.12 with PID 6136 (C:\Dev\spring_work_sapce\SpringProject-4\bin\main started by GR802 in C:\Dev\spring_work_sapce\SpringProject-4)
[2025-02-11 16:36:22.894]  INFO 6136 --- [  restartedMain] k.c.g.SpringProject4Application          : No active profile set, falling back to 1 default profile: "default"
[2025-02-11 16:36:22.938]  INFO 6136 --- [  restartedMain] o.s.b.d.r.ChangeableUrls                 : The Class-Path manifest attribute in C:\Users\GR802\.gradle\caches\modules-2\files-2.1\com.oracle.database.jdbc\ojdbc11\23.3.0.23.09\405bcbc8d8dab59f562125fa1d2b7e06d21649f3\ojdbc11-23.3.0.23.09.jar referenced one or more files that do not exist: file:/C:/Users/GR802/.gradle/caches/modules-2/files-2.1/com.oracle.database.jdbc/ojdbc11/23.3.0.23.09/405bcbc8d8dab59f562125fa1d2b7e06d21649f3/oraclepki.jar
[2025-02-11 16:36:22.938]  INFO 6136 --- [  restartedMain] .e.DevToolsPropertyDefaultsPostProcessor : Devtools property defaults active! Set 'spring.devtools.add-properties' to 'false' to disable
[2025-02-11 16:36:22.939]  INFO 6136 --- [  restartedMain] .e.DevToolsPropertyDefaultsPostProcessor : For additional web related logging consider setting the 'logging.level.web' property to 'DEBUG'
[2025-02-11 16:36:24.064]  INFO 6136 --- [  restartedMain] o.s.b.w.e.t.TomcatWebServer              : Tomcat initialized with port 8080 (http)
[2025-02-11 16:36:24.077]  INFO 6136 --- [  restartedMain] o.a.c.h.Http11NioProtocol                : Initializing ProtocolHandler ["http-nio-8080"]
[2025-02-11 16:36:24.078]  INFO 6136 --- [  restartedMain] o.a.c.c.StandardService                  : Starting service [Tomcat]
[2025-02-11 16:36:24.078]  INFO 6136 --- [  restartedMain] o.a.c.c.StandardEngine                   : Starting Servlet engine: [Apache Tomcat/10.1.34]
[2025-02-11 16:36:24.144]  INFO 6136 --- [  restartedMain] o.a.c.c.C.[.[.[/]                        : Initializing Spring embedded WebApplicationContext
[2025-02-11 16:36:24.144]  INFO 6136 --- [  restartedMain] w.s.c.ServletWebServerApplicationContext : Root WebApplicationContext: initialization completed in 1205 ms
[2025-02-11 16:36:24.516]  WARN 6136 --- [  restartedMain] .s.s.UserDetailsServiceAutoConfiguration : 

Using generated security password: 07322169-227e-4627-bd53-326c7361ecdb

This generated password is for development use only. Your security configuration must be updated before running your application in production.

[2025-02-11 16:36:24.524]  INFO 6136 --- [  restartedMain] r$InitializeUserDetailsManagerConfigurer : Global AuthenticationManager configured with UserDetailsService bean with name inMemoryUserDetailsManager
[2025-02-11 16:36:24.985]  INFO 6136 --- [  restartedMain] o.s.b.d.a.OptionalLiveReloadServer       : LiveReload server is running on port 35729
[2025-02-11 16:36:25.003]  INFO 6136 --- [  restartedMain] o.a.c.h.Http11NioProtocol                : Starting ProtocolHandler ["http-nio-8080"]
[2025-02-11 16:36:25.019]  INFO 6136 --- [  restartedMain] o.s.b.w.e.t.TomcatWebServer              : Tomcat started on port 8080 (http) with context path '/'
[2025-02-11 16:36:25.031]  INFO 6136 --- [  restartedMain] k.c.g.SpringProject4Application          : Started SpringProject4Application in 2.478 seconds (process running for 3.636)
[2025-02-11 16:36:25.033]  INFO 6136 --- [  restartedMain] k.c.g.SpringProject4Application          : 스프링 프로젝트가 성공적으로 시작되었습니다.
[2025-02-11 16:36:25.130]  INFO 6136 --- [nio-8080-exec-1] o.a.c.c.C.[.[.[/]                        : Initializing Spring DispatcherServlet 'dispatcherServlet'
[2025-02-11 16:36:25.130]  INFO 6136 --- [nio-8080-exec-1] o.s.w.s.DispatcherServlet                : Initializing Servlet 'dispatcherServlet'
[2025-02-11 16:36:25.131]  INFO 6136 --- [nio-8080-exec-1] o.s.w.s.DispatcherServlet                : Completed initialization in 1 ms
[2025-02-11 16:36:38.510]  INFO 6136 --- [nio-8080-exec-6] c.z.h.HikariDataSource                   : HikariPool-1 - Starting...
[2025-02-11 16:36:38.515]  WARN 6136 --- [nio-8080-exec-6] c.z.h.u.DriverDataSource                 : Registered driver with driverClassName=oracle.jdbc.driver.OracleDriver was not found, trying direct instantiation.
[2025-02-11 16:36:38.892]  INFO 6136 --- [nio-8080-exec-6] c.z.h.p.HikariPool                       : HikariPool-1 - Added connection oracle.jdbc.driver.T4CConnection@bbc7b97
[2025-02-11 16:36:38.894]  INFO 6136 --- [nio-8080-exec-6] c.z.h.HikariDataSource                   : HikariPool-1 - Start completed.
