[2025-02-11 17:13:03.842]  INFO 7724 --- [   File Watcher] rtingClassPathChangeChangedEventListener : Restarting due to 1 class path change (0 additions, 0 deletions, 1 modification)
[2025-02-11 17:13:03.854]  INFO 7724 --- [      Thread-33] o.s.b.w.e.t.GracefulShutdown             : Commencing graceful shutdown. Waiting for active requests to complete
[2025-02-11 17:13:03.856]  INFO 7724 --- [tomcat-shutdown] o.a.c.h.Http11NioProtocol                : Pausing ProtocolHandler ["http-nio-8080"]
[2025-02-11 17:13:03.931]  INFO 7724 --- [tomcat-shutdown] o.s.b.w.e.t.GracefulShutdown             : Graceful shutdown complete
[2025-02-11 17:13:03.932]  INFO 7724 --- [      Thread-33] o.a.c.h.Http11NioProtocol                : Stopping ProtocolHandler ["http-nio-8080"]
[2025-02-11 17:13:03.967]  INFO 7724 --- [  restartedMain] k.c.g.SpringProject4Application          : 스프링 프로젝트가 시작중입니다.
[2025-02-11 17:13:04.002]  INFO 7724 --- [  restartedMain] k.c.g.SpringProject4Application          : Starting SpringProject4Application using Java 17.0.12 with PID 7724 (C:\Dev\spring_work_sapce\SpringProject-4\bin\main started by GR802 in C:\Dev\spring_work_sapce\SpringProject-4)
[2025-02-11 17:13:04.003]  INFO 7724 --- [  restartedMain] k.c.g.SpringProject4Application          : No active profile set, falling back to 1 default profile: "default"
[2025-02-11 17:13:04.237]  INFO 7724 --- [  restartedMain] o.s.b.w.e.t.TomcatWebServer              : Tomcat initialized with port 8080 (http)
[2025-02-11 17:13:04.238]  INFO 7724 --- [  restartedMain] o.a.c.h.Http11NioProtocol                : Initializing ProtocolHandler ["http-nio-8080"]
[2025-02-11 17:13:04.239]  INFO 7724 --- [  restartedMain] o.a.c.c.StandardService                  : Starting service [Tomcat]
[2025-02-11 17:13:04.239]  INFO 7724 --- [  restartedMain] o.a.c.c.StandardEngine                   : Starting Servlet engine: [Apache Tomcat/10.1.34]
[2025-02-11 17:13:04.251]  INFO 7724 --- [  restartedMain] o.a.c.c.C.[.[.[/]                        : Initializing Spring embedded WebApplicationContext
[2025-02-11 17:13:04.251]  INFO 7724 --- [  restartedMain] w.s.c.ServletWebServerApplicationContext : Root WebApplicationContext: initialization completed in 247 ms
[2025-02-11 17:13:04.311]  WARN 7724 --- [  restartedMain] ConfigServletWebServerApplicationContext : Exception encountered during context initialization - cancelling refresh attempt: org.springframework.beans.factory.UnsatisfiedDependencyException: Error creating bean with name 'memberController' defined in file [C:\Dev\spring_work_sapce\SpringProject-4\bin\main\kr\co\green\member\controller\MemberController.class]: Unsatisfied dependency expressed through constructor parameter 1: No qualifying bean of type 'org.apache.logging.log4j.Logger' available: expected at least 1 bean which qualifies as autowire candidate. Dependency annotations: {}
[2025-02-11 17:13:04.312]  INFO 7724 --- [  restartedMain] o.a.c.c.StandardService                  : Stopping service [Tomcat]
[2025-02-11 17:13:04.318]  INFO 7724 --- [  restartedMain] .s.b.a.l.ConditionEvaluationReportLogger : 

Error starting ApplicationContext. To display the condition evaluation report re-run your application with 'debug' enabled.
[2025-02-11 17:13:04.335] ERROR 7724 --- [  restartedMain] o.s.b.d.LoggingFailureAnalysisReporter   : 

***************************
APPLICATION FAILED TO START
***************************

Description:

Parameter 1 of constructor in kr.co.green.member.controller.MemberController required a bean of type 'org.apache.logging.log4j.Logger' that could not be found.


Action:

Consider defining a bean of type 'org.apache.logging.log4j.Logger' in your configuration.

[2025-02-11 17:13:06.830]  INFO 7724 --- [  restartedMain] k.c.g.SpringProject4Application          : 스프링 프로젝트가 시작중입니다.
[2025-02-11 17:13:06.880]  INFO 7724 --- [  restartedMain] k.c.g.SpringProject4Application          : Starting SpringProject4Application using Java 17.0.12 with PID 7724 (C:\Dev\spring_work_sapce\SpringProject-4\bin\main started by GR802 in C:\Dev\spring_work_sapce\SpringProject-4)
[2025-02-11 17:13:06.880]  INFO 7724 --- [  restartedMain] k.c.g.SpringProject4Application          : No active profile set, falling back to 1 default profile: "default"
[2025-02-11 17:13:07.113]  INFO 7724 --- [  restartedMain] o.s.b.w.e.t.TomcatWebServer              : Tomcat initialized with port 8080 (http)
[2025-02-11 17:13:07.115]  INFO 7724 --- [  restartedMain] o.a.c.h.Http11NioProtocol                : Initializing ProtocolHandler ["http-nio-8080"]
[2025-02-11 17:13:07.116]  INFO 7724 --- [  restartedMain] o.a.c.c.StandardService                  : Starting service [Tomcat]
[2025-02-11 17:13:07.116]  INFO 7724 --- [  restartedMain] o.a.c.c.StandardEngine                   : Starting Servlet engine: [Apache Tomcat/10.1.34]
[2025-02-11 17:13:07.130]  INFO 7724 --- [  restartedMain] o.a.c.c.C.[.[.[/]                        : Initializing Spring embedded WebApplicationContext
[2025-02-11 17:13:07.130]  INFO 7724 --- [  restartedMain] w.s.c.ServletWebServerApplicationContext : Root WebApplicationContext: initialization completed in 248 ms
[2025-02-11 17:13:07.190]  WARN 7724 --- [  restartedMain] ConfigServletWebServerApplicationContext : Exception encountered during context initialization - cancelling refresh attempt: org.springframework.beans.factory.UnsatisfiedDependencyException: Error creating bean with name 'memberController' defined in file [C:\Dev\spring_work_sapce\SpringProject-4\bin\main\kr\co\green\member\controller\MemberController.class]: Unsatisfied dependency expressed through constructor parameter 1: No qualifying bean of type 'org.apache.logging.log4j.Logger' available: expected at least 1 bean which qualifies as autowire candidate. Dependency annotations: {}
[2025-02-11 17:13:07.190]  INFO 7724 --- [  restartedMain] o.a.c.c.StandardService                  : Stopping service [Tomcat]
[2025-02-11 17:13:07.196]  INFO 7724 --- [  restartedMain] .s.b.a.l.ConditionEvaluationReportLogger : 

Error starting ApplicationContext. To display the condition evaluation report re-run your application with 'debug' enabled.
[2025-02-11 17:13:07.199] ERROR 7724 --- [  restartedMain] o.s.b.d.LoggingFailureAnalysisReporter   : 

***************************
APPLICATION FAILED TO START
***************************

Description:

Parameter 1 of constructor in kr.co.green.member.controller.MemberController required a bean of type 'org.apache.logging.log4j.Logger' that could not be found.


Action:

Consider defining a bean of type 'org.apache.logging.log4j.Logger' in your configuration.

[2025-02-11 17:13:55.770]  INFO 7724 --- [  restartedMain] k.c.g.SpringProject4Application          : 스프링 프로젝트가 시작중입니다.
[2025-02-11 17:13:55.833]  INFO 7724 --- [  restartedMain] k.c.g.SpringProject4Application          : Starting SpringProject4Application using Java 17.0.12 with PID 7724 (C:\Dev\spring_work_sapce\SpringProject-4\bin\main started by GR802 in C:\Dev\spring_work_sapce\SpringProject-4)
[2025-02-11 17:13:55.834]  INFO 7724 --- [  restartedMain] k.c.g.SpringProject4Application          : No active profile set, falling back to 1 default profile: "default"
[2025-02-11 17:13:56.087]  INFO 7724 --- [  restartedMain] o.s.b.w.e.t.TomcatWebServer              : Tomcat initialized with port 8080 (http)
[2025-02-11 17:13:56.087]  INFO 7724 --- [  restartedMain] o.a.c.h.Http11NioProtocol                : Initializing ProtocolHandler ["http-nio-8080"]
[2025-02-11 17:13:56.087]  INFO 7724 --- [  restartedMain] o.a.c.c.StandardService                  : Starting service [Tomcat]
[2025-02-11 17:13:56.088]  INFO 7724 --- [  restartedMain] o.a.c.c.StandardEngine                   : Starting Servlet engine: [Apache Tomcat/10.1.34]
[2025-02-11 17:13:56.102]  INFO 7724 --- [  restartedMain] o.a.c.c.C.[.[.[/]                        : Initializing Spring embedded WebApplicationContext
[2025-02-11 17:13:56.102]  INFO 7724 --- [  restartedMain] w.s.c.ServletWebServerApplicationContext : Root WebApplicationContext: initialization completed in 267 ms
[2025-02-11 17:13:56.179]  WARN 7724 --- [  restartedMain] .s.s.UserDetailsServiceAutoConfiguration : 

Using generated security password: ca43bf3c-bde4-4966-9be0-c97dc3600704

This generated password is for development use only. Your security configuration must be updated before running your application in production.

[2025-02-11 17:13:56.179]  INFO 7724 --- [  restartedMain] r$InitializeUserDetailsManagerConfigurer : Global AuthenticationManager configured with UserDetailsService bean with name inMemoryUserDetailsManager
[2025-02-11 17:13:56.269]  INFO 7724 --- [  restartedMain] o.s.b.d.a.OptionalLiveReloadServer       : LiveReload server is running on port 35729
[2025-02-11 17:13:56.275]  INFO 7724 --- [  restartedMain] o.a.c.h.Http11NioProtocol                : Starting ProtocolHandler ["http-nio-8080"]
[2025-02-11 17:13:56.278]  INFO 7724 --- [  restartedMain] o.s.b.w.e.t.TomcatWebServer              : Tomcat started on port 8080 (http) with context path '/'
[2025-02-11 17:13:56.282]  INFO 7724 --- [  restartedMain] k.c.g.SpringProject4Application          : Started SpringProject4Application in 0.502 seconds (process running for 418.318)
[2025-02-11 17:13:56.283]  INFO 7724 --- [  restartedMain] .ConditionEvaluationDeltaLoggingListener : Condition evaluation unchanged
[2025-02-11 17:13:56.284]  INFO 7724 --- [  restartedMain] k.c.g.SpringProject4Application          : 스프링 프로젝트가 성공적으로 시작되었습니다.
