[2025-02-11 15:59:26.409]  INFO ${sys:PID} --- [           main] k.c.g.SpringProject4Application          : 스프링 프로젝트가 시작중입니다.
[2025-02-11 15:59:26.535]  INFO ${sys:PID} --- [  restartedMain] k.c.g.SpringProject4Application          : 스프링 프로젝트가 시작중입니다.
[2025-02-11 15:59:26.797]  INFO 12320 --- [kground-preinit] o.h.v.i.u.Version                        : HV000001: Hibernate Validator 8.0.2.Final
[2025-02-11 15:59:26.839]  INFO 12320 --- [  restartedMain] k.c.g.SpringProject4Application          : Starting SpringProject4Application using Java 17.0.12 with PID 12320 (C:\Dev\spring_work_sapce\SpringProject-4\bin\main started by GR802 in C:\Dev\spring_work_sapce\SpringProject-4)
[2025-02-11 15:59:26.844]  INFO 12320 --- [  restartedMain] k.c.g.SpringProject4Application          : No active profile set, falling back to 1 default profile: "default"
[2025-02-11 15:59:26.884]  INFO 12320 --- [  restartedMain] o.s.b.d.r.ChangeableUrls                 : The Class-Path manifest attribute in C:\Users\GR802\.gradle\caches\modules-2\files-2.1\com.oracle.database.jdbc\ojdbc11\23.3.0.23.09\405bcbc8d8dab59f562125fa1d2b7e06d21649f3\ojdbc11-23.3.0.23.09.jar referenced one or more files that do not exist: file:/C:/Users/GR802/.gradle/caches/modules-2/files-2.1/com.oracle.database.jdbc/ojdbc11/23.3.0.23.09/405bcbc8d8dab59f562125fa1d2b7e06d21649f3/oraclepki.jar
[2025-02-11 15:59:26.884]  INFO 12320 --- [  restartedMain] .e.DevToolsPropertyDefaultsPostProcessor : Devtools property defaults active! Set 'spring.devtools.add-properties' to 'false' to disable
[2025-02-11 15:59:26.884]  INFO 12320 --- [  restartedMain] .e.DevToolsPropertyDefaultsPostProcessor : For additional web related logging consider setting the 'logging.level.web' property to 'DEBUG'
[2025-02-11 15:59:27.977]  INFO 12320 --- [  restartedMain] o.s.b.w.e.t.TomcatWebServer              : Tomcat initialized with port 8080 (http)
[2025-02-11 15:59:27.992]  INFO 12320 --- [  restartedMain] o.a.c.h.Http11NioProtocol                : Initializing ProtocolHandler ["http-nio-8080"]
[2025-02-11 15:59:27.995]  INFO 12320 --- [  restartedMain] o.a.c.c.StandardService                  : Starting service [Tomcat]
[2025-02-11 15:59:27.995]  INFO 12320 --- [  restartedMain] o.a.c.c.StandardEngine                   : Starting Servlet engine: [Apache Tomcat/10.1.34]
[2025-02-11 15:59:28.046]  INFO 12320 --- [  restartedMain] o.a.c.c.C.[.[.[/]                        : Initializing Spring embedded WebApplicationContext
[2025-02-11 15:59:28.046]  INFO 12320 --- [  restartedMain] w.s.c.ServletWebServerApplicationContext : Root WebApplicationContext: initialization completed in 1161 ms
[2025-02-11 15:59:28.413]  WARN 12320 --- [  restartedMain] .s.s.UserDetailsServiceAutoConfiguration : 

Using generated security password: 37eb03a1-556b-4ef9-80a7-cd5b7e996a25

This generated password is for development use only. Your security configuration must be updated before running your application in production.

[2025-02-11 15:59:28.420]  INFO 12320 --- [  restartedMain] r$InitializeUserDetailsManagerConfigurer : Global AuthenticationManager configured with UserDetailsService bean with name inMemoryUserDetailsManager
[2025-02-11 15:59:28.864]  INFO 12320 --- [  restartedMain] o.s.b.d.a.OptionalLiveReloadServer       : LiveReload server is running on port 35729
[2025-02-11 15:59:28.885]  INFO 12320 --- [  restartedMain] o.a.c.h.Http11NioProtocol                : Starting ProtocolHandler ["http-nio-8080"]
[2025-02-11 15:59:28.902]  INFO 12320 --- [  restartedMain] o.s.b.w.e.t.TomcatWebServer              : Tomcat started on port 8080 (http) with context path '/'
[2025-02-11 15:59:28.913]  INFO 12320 --- [  restartedMain] k.c.g.SpringProject4Application          : Started SpringProject4Application in 2.373 seconds (process running for 3.263)
[2025-02-11 15:59:28.916]  INFO 12320 --- [  restartedMain] k.c.g.SpringProject4Application          : 스프링 프로젝트가 성공적으로 시작되었습니다.
[2025-02-11 15:59:39.384]  INFO 12320 --- [nio-8080-exec-1] o.a.c.c.C.[.[.[/]                        : Initializing Spring DispatcherServlet 'dispatcherServlet'
[2025-02-11 15:59:39.385]  INFO 12320 --- [nio-8080-exec-1] o.s.w.s.DispatcherServlet                : Initializing Servlet 'dispatcherServlet'
[2025-02-11 15:59:39.386]  INFO 12320 --- [nio-8080-exec-1] o.s.w.s.DispatcherServlet                : Completed initialization in 1 ms
[2025-02-11 15:59:39.449]  WARN 12320 --- [nio-8080-exec-1] .m.m.a.ExceptionHandlerExceptionResolver : Resolved [org.springframework.web.servlet.resource.NoResourceFoundException: No static resource game/loginin.]
[2025-02-11 15:59:39.603]  INFO 12320 --- [nio-8080-exec-1] k.c.g.f.RequestLoggingFilter             : 응답 시간 : 194
[2025-02-11 15:59:39.605]  INFO 12320 --- [nio-8080-exec-1] k.c.g.f.RequestLoggingFilter             : 요청 정보 : method = GET,URL = http://localhost:8080/game/loginin,headers=[host=localhost:8080,connection=keep-alive,sec-ch-ua="Not A(Brand";v="8", "Chromium";v="132", "Google Chrome";v="132",sec-ch-ua-mobile=?0,sec-ch-ua-platform="Windows",upgrade-insecure-requests=1,user-agent=Mozilla/5.0 (Windows NT 10.0; Win64; x64) AppleWebKit/537.36 (KHTML, like Gecko) Chrome/132.0.0.0 Safari/537.36,accept=text/html,application/xhtml+xml,application/xml;q=0.9,image/avif,image/webp,image/apng,*/*;q=0.8,application/signed-exchange;v=b3;q=0.7,sec-fetch-site=none,sec-fetch-mode=navigate,sec-fetch-user=?1,sec-fetch-dest=document,accept-encoding=gzip, deflate, br, zstd,accept-language=ko-KR,ko;q=0.9,]
[2025-02-11 15:59:39.630]  WARN 12320 --- [nio-8080-exec-2] .m.m.a.ExceptionHandlerExceptionResolver : Resolved [org.springframework.web.servlet.resource.NoResourceFoundException: No static resource favicon.ico.]
[2025-02-11 15:59:39.634]  INFO 12320 --- [nio-8080-exec-2] k.c.g.f.RequestLoggingFilter             : 응답 시간 : 6
[2025-02-11 15:59:39.634]  INFO 12320 --- [nio-8080-exec-2] k.c.g.f.RequestLoggingFilter             : 요청 정보 : method = GET,URL = http://localhost:8080/favicon.ico,headers=[host=localhost:8080,connection=keep-alive,sec-ch-ua-platform="Windows",user-agent=Mozilla/5.0 (Windows NT 10.0; Win64; x64) AppleWebKit/537.36 (KHTML, like Gecko) Chrome/132.0.0.0 Safari/537.36,sec-ch-ua="Not A(Brand";v="8", "Chromium";v="132", "Google Chrome";v="132",sec-ch-ua-mobile=?0,accept=image/avif,image/webp,image/apng,image/svg+xml,image/*,*/*;q=0.8,sec-fetch-site=same-origin,sec-fetch-mode=no-cors,sec-fetch-dest=image,referer=http://localhost:8080/game/loginin,accept-encoding=gzip, deflate, br, zstd,accept-language=ko-KR,ko;q=0.9,cookie=JSESSIONID=F1B16955943209861280E191619DD44A,]
