[2025-02-11 16:30:10.328]  WARN 12320 --- [nio-8080-exec-9] .m.m.a.ExceptionHandlerExceptionResolver : Resolved [org.springframework.web.servlet.resource.NoResourceFoundException: No static resource member/checkId.]
[2025-02-11 16:30:10.331]  INFO 12320 --- [nio-8080-exec-9] k.c.g.f.RequestLoggingFilter             : 응답 시간 : 5
[2025-02-11 16:30:10.332]  INFO 12320 --- [nio-8080-exec-9] k.c.g.f.RequestLoggingFilter             : 요청 정보 : method = GET,URL = http://localhost:8080/member/checkId/,headers=[host=localhost:8080,connection=keep-alive,sec-ch-ua-platform="Windows",x-requested-with=XMLHttpRequest,user-agent=Mozilla/5.0 (Windows NT 10.0; Win64; x64) AppleWebKit/537.36 (KHTML, like Gecko) Chrome/132.0.0.0 Safari/537.36,accept=*/*,sec-ch-ua="Not A(Brand";v="8", "Chromium";v="132", "Google Chrome";v="132",sec-ch-ua-mobile=?0,sec-fetch-site=same-origin,sec-fetch-mode=cors,sec-fetch-dest=empty,referer=http://localhost:8080/member/signup/form,accept-encoding=gzip, deflate, br, zstd,accept-language=ko-KR,ko;q=0.9,cookie=JSESSIONID=A514EDEFACA1AF3DE5B149619B5B99FE,]
[2025-02-11 16:30:10.334]  WARN 12320 --- [io-8080-exec-10] .m.m.a.ExceptionHandlerExceptionResolver : Resolved [org.springframework.web.servlet.resource.NoResourceFoundException: No static resource member/checkId.]
[2025-02-11 16:30:10.335]  INFO 12320 --- [io-8080-exec-10] k.c.g.f.RequestLoggingFilter             : 응답 시간 : 2
[2025-02-11 16:30:10.336]  INFO 12320 --- [io-8080-exec-10] k.c.g.f.RequestLoggingFilter             : 요청 정보 : method = GET,URL = http://localhost:8080/member/checkId/,headers=[host=localhost:8080,connection=keep-alive,sec-ch-ua-platform="Windows",x-requested-with=XMLHttpRequest,user-agent=Mozilla/5.0 (Windows NT 10.0; Win64; x64) AppleWebKit/537.36 (KHTML, like Gecko) Chrome/132.0.0.0 Safari/537.36,accept=*/*,sec-ch-ua="Not A(Brand";v="8", "Chromium";v="132", "Google Chrome";v="132",sec-ch-ua-mobile=?0,sec-fetch-site=same-origin,sec-fetch-mode=cors,sec-fetch-dest=empty,referer=http://localhost:8080/member/signup/form,accept-encoding=gzip, deflate, br, zstd,accept-language=ko-KR,ko;q=0.9,cookie=JSESSIONID=A514EDEFACA1AF3DE5B149619B5B99FE,]
[2025-02-11 16:30:11.170]  INFO 12320 --- [nio-8080-exec-1] c.z.h.HikariDataSource                   : HikariPool-2 - Starting...
[2025-02-11 16:30:11.170]  WARN 12320 --- [nio-8080-exec-1] c.z.h.u.DriverDataSource                 : Registered driver with driverClassName=oracle.jdbc.driver.OracleDriver was not found, trying direct instantiation.
[2025-02-11 16:30:11.277]  INFO 12320 --- [nio-8080-exec-1] c.z.h.p.HikariPool                       : HikariPool-2 - Added connection oracle.jdbc.driver.T4CConnection@4a453bc6
[2025-02-11 16:30:11.277]  INFO 12320 --- [nio-8080-exec-1] c.z.h.HikariDataSource                   : HikariPool-2 - Start completed.
[2025-02-11 16:30:11.281]  INFO 12320 --- [nio-8080-exec-1] k.c.g.f.RequestLoggingFilter             : 응답 시간 : 113
[2025-02-11 16:30:11.281]  INFO 12320 --- [nio-8080-exec-1] k.c.g.f.RequestLoggingFilter             : 요청 정보 : method = GET,URL = http://localhost:8080/member/checkId/qw,headers=[host=localhost:8080,connection=keep-alive,sec-ch-ua-platform="Windows",x-requested-with=XMLHttpRequest,user-agent=Mozilla/5.0 (Windows NT 10.0; Win64; x64) AppleWebKit/537.36 (KHTML, like Gecko) Chrome/132.0.0.0 Safari/537.36,accept=*/*,sec-ch-ua="Not A(Brand";v="8", "Chromium";v="132", "Google Chrome";v="132",sec-ch-ua-mobile=?0,sec-fetch-site=same-origin,sec-fetch-mode=cors,sec-fetch-dest=empty,referer=http://localhost:8080/member/signup/form,accept-encoding=gzip, deflate, br, zstd,accept-language=ko-KR,ko;q=0.9,cookie=JSESSIONID=A514EDEFACA1AF3DE5B149619B5B99FE,]
[2025-02-11 16:30:11.281]  INFO 12320 --- [nio-8080-exec-2] k.c.g.f.RequestLoggingFilter             : 응답 시간 : 37
[2025-02-11 16:30:11.281]  INFO 12320 --- [nio-8080-exec-2] k.c.g.f.RequestLoggingFilter             : 요청 정보 : method = GET,URL = http://localhost:8080/member/checkId/qwe,headers=[host=localhost:8080,connection=keep-alive,sec-ch-ua-platform="Windows",x-requested-with=XMLHttpRequest,user-agent=Mozilla/5.0 (Windows NT 10.0; Win64; x64) AppleWebKit/537.36 (KHTML, like Gecko) Chrome/132.0.0.0 Safari/537.36,accept=*/*,sec-ch-ua="Not A(Brand";v="8", "Chromium";v="132", "Google Chrome";v="132",sec-ch-ua-mobile=?0,sec-fetch-site=same-origin,sec-fetch-mode=cors,sec-fetch-dest=empty,referer=http://localhost:8080/member/signup/form,accept-encoding=gzip, deflate, br, zstd,accept-language=ko-KR,ko;q=0.9,cookie=JSESSIONID=A514EDEFACA1AF3DE5B149619B5B99FE,]
[2025-02-11 16:30:11.325]  INFO 12320 --- [nio-8080-exec-3] k.c.g.f.RequestLoggingFilter             : 응답 시간 : 1
[2025-02-11 16:30:11.326]  INFO 12320 --- [nio-8080-exec-3] k.c.g.f.RequestLoggingFilter             : 요청 정보 : method = GET,URL = http://localhost:8080/member/checkId/qwe,headers=[host=localhost:8080,connection=keep-alive,sec-ch-ua-platform="Windows",x-requested-with=XMLHttpRequest,user-agent=Mozilla/5.0 (Windows NT 10.0; Win64; x64) AppleWebKit/537.36 (KHTML, like Gecko) Chrome/132.0.0.0 Safari/537.36,accept=*/*,sec-ch-ua="Not A(Brand";v="8", "Chromium";v="132", "Google Chrome";v="132",sec-ch-ua-mobile=?0,sec-fetch-site=same-origin,sec-fetch-mode=cors,sec-fetch-dest=empty,referer=http://localhost:8080/member/signup/form,accept-encoding=gzip, deflate, br, zstd,accept-language=ko-KR,ko;q=0.9,cookie=JSESSIONID=A514EDEFACA1AF3DE5B149619B5B99FE,]
[2025-02-11 16:30:11.837]  INFO 12320 --- [nio-8080-exec-4] k.c.g.f.RequestLoggingFilter             : 응답 시간 : 2
[2025-02-11 16:30:11.837]  INFO 12320 --- [nio-8080-exec-4] k.c.g.f.RequestLoggingFilter             : 요청 정보 : method = GET,URL = http://localhost:8080/member/checkId/qwe123,headers=[host=localhost:8080,connection=keep-alive,sec-ch-ua-platform="Windows",x-requested-with=XMLHttpRequest,user-agent=Mozilla/5.0 (Windows NT 10.0; Win64; x64) AppleWebKit/537.36 (KHTML, like Gecko) Chrome/132.0.0.0 Safari/537.36,accept=*/*,sec-ch-ua="Not A(Brand";v="8", "Chromium";v="132", "Google Chrome";v="132",sec-ch-ua-mobile=?0,sec-fetch-site=same-origin,sec-fetch-mode=cors,sec-fetch-dest=empty,referer=http://localhost:8080/member/signup/form,accept-encoding=gzip, deflate, br, zstd,accept-language=ko-KR,ko;q=0.9,cookie=JSESSIONID=A514EDEFACA1AF3DE5B149619B5B99FE,]
[2025-02-11 16:30:11.885]  INFO 12320 --- [nio-8080-exec-5] k.c.g.f.RequestLoggingFilter             : 응답 시간 : 2
[2025-02-11 16:30:11.885]  INFO 12320 --- [nio-8080-exec-5] k.c.g.f.RequestLoggingFilter             : 요청 정보 : method = GET,URL = http://localhost:8080/member/checkId/qwe123,headers=[host=localhost:8080,connection=keep-alive,sec-ch-ua-platform="Windows",x-requested-with=XMLHttpRequest,user-agent=Mozilla/5.0 (Windows NT 10.0; Win64; x64) AppleWebKit/537.36 (KHTML, like Gecko) Chrome/132.0.0.0 Safari/537.36,accept=*/*,sec-ch-ua="Not A(Brand";v="8", "Chromium";v="132", "Google Chrome";v="132",sec-ch-ua-mobile=?0,sec-fetch-site=same-origin,sec-fetch-mode=cors,sec-fetch-dest=empty,referer=http://localhost:8080/member/signup/form,accept-encoding=gzip, deflate, br, zstd,accept-language=ko-KR,ko;q=0.9,cookie=JSESSIONID=A514EDEFACA1AF3DE5B149619B5B99FE,]
[2025-02-11 16:30:11.955]  INFO 12320 --- [nio-8080-exec-6] k.c.g.f.RequestLoggingFilter             : 응답 시간 : 4
[2025-02-11 16:30:11.956]  INFO 12320 --- [nio-8080-exec-6] k.c.g.f.RequestLoggingFilter             : 요청 정보 : method = GET,URL = http://localhost:8080/member/checkId/qwe123,headers=[host=localhost:8080,connection=keep-alive,sec-ch-ua-platform="Windows",x-requested-with=XMLHttpRequest,user-agent=Mozilla/5.0 (Windows NT 10.0; Win64; x64) AppleWebKit/537.36 (KHTML, like Gecko) Chrome/132.0.0.0 Safari/537.36,accept=*/*,sec-ch-ua="Not A(Brand";v="8", "Chromium";v="132", "Google Chrome";v="132",sec-ch-ua-mobile=?0,sec-fetch-site=same-origin,sec-fetch-mode=cors,sec-fetch-dest=empty,referer=http://localhost:8080/member/signup/form,accept-encoding=gzip, deflate, br, zstd,accept-language=ko-KR,ko;q=0.9,cookie=JSESSIONID=A514EDEFACA1AF3DE5B149619B5B99FE,]
[2025-02-11 16:30:15.381]  INFO 12320 --- [nio-8080-exec-7] k.c.g.f.RequestLoggingFilter             : 응답 시간 : 6
[2025-02-11 16:30:15.381]  INFO 12320 --- [nio-8080-exec-7] k.c.g.f.RequestLoggingFilter             : 요청 정보 : method = POST,URL = http://localhost:8080/member/signup,headers=[host=localhost:8080,connection=keep-alive,content-length=72,cache-control=max-age=0,sec-ch-ua="Not A(Brand";v="8", "Chromium";v="132", "Google Chrome";v="132",sec-ch-ua-mobile=?0,sec-ch-ua-platform="Windows",origin=http://localhost:8080,content-type=application/x-www-form-urlencoded,upgrade-insecure-requests=1,user-agent=Mozilla/5.0 (Windows NT 10.0; Win64; x64) AppleWebKit/537.36 (KHTML, like Gecko) Chrome/132.0.0.0 Safari/537.36,accept=text/html,application/xhtml+xml,application/xml;q=0.9,image/avif,image/webp,image/apng,*/*;q=0.8,application/signed-exchange;v=b3;q=0.7,sec-fetch-site=same-origin,sec-fetch-mode=navigate,sec-fetch-user=?1,sec-fetch-dest=document,referer=http://localhost:8080/member/signup/form,accept-encoding=gzip, deflate, br, zstd,accept-language=ko-KR,ko;q=0.9,cookie=JSESSIONID=A514EDEFACA1AF3DE5B149619B5B99FE,]
[2025-02-11 16:30:15.394]  INFO 12320 --- [nio-8080-exec-8] k.c.g.f.RequestLoggingFilter             : 응답 시간 : 2
[2025-02-11 16:30:15.394]  INFO 12320 --- [nio-8080-exec-8] k.c.g.f.RequestLoggingFilter             : 요청 정보 : method = GET,URL = http://localhost:8080/css/main.css,headers=[host=localhost:8080,connection=keep-alive,sec-ch-ua-platform="Windows",user-agent=Mozilla/5.0 (Windows NT 10.0; Win64; x64) AppleWebKit/537.36 (KHTML, like Gecko) Chrome/132.0.0.0 Safari/537.36,sec-ch-ua="Not A(Brand";v="8", "Chromium";v="132", "Google Chrome";v="132",sec-ch-ua-mobile=?0,accept=text/css,*/*;q=0.1,sec-fetch-site=same-origin,sec-fetch-mode=no-cors,sec-fetch-dest=style,referer=http://localhost:8080/member/signup,accept-encoding=gzip, deflate, br, zstd,accept-language=ko-KR,ko;q=0.9,cookie=JSESSIONID=A514EDEFACA1AF3DE5B149619B5B99FE,]
[2025-02-11 16:30:15.403]  WARN 12320 --- [nio-8080-exec-9] .m.m.a.ExceptionHandlerExceptionResolver : Resolved [org.springframework.web.servlet.resource.NoResourceFoundException: No static resource favicon.ico.]
[2025-02-11 16:30:15.404]  INFO 12320 --- [nio-8080-exec-9] k.c.g.f.RequestLoggingFilter             : 응답 시간 : 2
[2025-02-11 16:30:15.404]  INFO 12320 --- [nio-8080-exec-9] k.c.g.f.RequestLoggingFilter             : 요청 정보 : method = GET,URL = http://localhost:8080/favicon.ico,headers=[host=localhost:8080,connection=keep-alive,sec-ch-ua-platform="Windows",user-agent=Mozilla/5.0 (Windows NT 10.0; Win64; x64) AppleWebKit/537.36 (KHTML, like Gecko) Chrome/132.0.0.0 Safari/537.36,sec-ch-ua="Not A(Brand";v="8", "Chromium";v="132", "Google Chrome";v="132",sec-ch-ua-mobile=?0,accept=image/avif,image/webp,image/apng,image/svg+xml,image/*,*/*;q=0.8,sec-fetch-site=same-origin,sec-fetch-mode=no-cors,sec-fetch-dest=image,referer=http://localhost:8080/member/signup,accept-encoding=gzip, deflate, br, zstd,accept-language=ko-KR,ko;q=0.9,cookie=JSESSIONID=A514EDEFACA1AF3DE5B149619B5B99FE,]
[2025-02-11 16:30:48.842]  INFO 12320 --- [   File Watcher] rtingClassPathChangeChangedEventListener : Restarting due to 1 class path change (0 additions, 0 deletions, 1 modification)
[2025-02-11 16:30:48.845]  INFO 12320 --- [      Thread-35] o.s.b.w.e.t.GracefulShutdown             : Commencing graceful shutdown. Waiting for active requests to complete
[2025-02-11 16:30:48.846]  INFO 12320 --- [tomcat-shutdown] o.a.c.h.Http11NioProtocol                : Pausing ProtocolHandler ["http-nio-8080"]
[2025-02-11 16:30:48.951]  INFO 12320 --- [tomcat-shutdown] o.s.b.w.e.t.GracefulShutdown             : Graceful shutdown complete
[2025-02-11 16:30:48.951]  INFO 12320 --- [      Thread-35] o.a.c.h.Http11NioProtocol                : Stopping ProtocolHandler ["http-nio-8080"]
[2025-02-11 16:30:48.953]  INFO 12320 --- [      Thread-35] c.z.h.HikariDataSource                   : HikariPool-2 - Shutdown initiated...
[2025-02-11 16:30:48.961]  INFO 12320 --- [      Thread-35] c.z.h.HikariDataSource                   : HikariPool-2 - Shutdown completed.
[2025-02-11 16:30:49.000]  INFO 12320 --- [  restartedMain] k.c.g.SpringProject4Application          : 스프링 프로젝트가 시작중입니다.
[2025-02-11 16:30:49.040]  INFO 12320 --- [  restartedMain] k.c.g.SpringProject4Application          : Starting SpringProject4Application using Java 17.0.12 with PID 12320 (C:\Dev\spring_work_sapce\SpringProject-4\bin\main started by GR802 in C:\Dev\spring_work_sapce\SpringProject-4)
[2025-02-11 16:30:49.040]  INFO 12320 --- [  restartedMain] k.c.g.SpringProject4Application          : No active profile set, falling back to 1 default profile: "default"
[2025-02-11 16:30:49.280]  INFO 12320 --- [  restartedMain] o.s.b.w.e.t.TomcatWebServer              : Tomcat initialized with port 8080 (http)
[2025-02-11 16:30:49.281]  INFO 12320 --- [  restartedMain] o.a.c.h.Http11NioProtocol                : Initializing ProtocolHandler ["http-nio-8080"]
[2025-02-11 16:30:49.281]  INFO 12320 --- [  restartedMain] o.a.c.c.StandardService                  : Starting service [Tomcat]
[2025-02-11 16:30:49.281]  INFO 12320 --- [  restartedMain] o.a.c.c.StandardEngine                   : Starting Servlet engine: [Apache Tomcat/10.1.34]
[2025-02-11 16:30:49.294]  INFO 12320 --- [  restartedMain] o.a.c.c.C.[.[.[/]                        : Initializing Spring embedded WebApplicationContext
[2025-02-11 16:30:49.295]  INFO 12320 --- [  restartedMain] w.s.c.ServletWebServerApplicationContext : Root WebApplicationContext: initialization completed in 253 ms
[2025-02-11 16:30:49.371]  WARN 12320 --- [  restartedMain] .s.s.UserDetailsServiceAutoConfiguration : 

Using generated security password: 5dbd40f7-90f7-4e74-81e8-25f3f076eac6

This generated password is for development use only. Your security configuration must be updated before running your application in production.

[2025-02-11 16:30:49.372]  INFO 12320 --- [  restartedMain] r$InitializeUserDetailsManagerConfigurer : Global AuthenticationManager configured with UserDetailsService bean with name inMemoryUserDetailsManager
[2025-02-11 16:30:49.471]  INFO 12320 --- [  restartedMain] o.s.b.d.a.OptionalLiveReloadServer       : LiveReload server is running on port 35729
[2025-02-11 16:30:49.477]  INFO 12320 --- [  restartedMain] o.a.c.h.Http11NioProtocol                : Starting ProtocolHandler ["http-nio-8080"]
[2025-02-11 16:30:49.480]  INFO 12320 --- [  restartedMain] o.s.b.w.e.t.TomcatWebServer              : Tomcat started on port 8080 (http) with context path '/'
[2025-02-11 16:30:49.485]  INFO 12320 --- [  restartedMain] k.c.g.SpringProject4Application          : Started SpringProject4Application in 0.48 seconds (process running for 1883.835)
[2025-02-11 16:30:49.486]  INFO 12320 --- [  restartedMain] .ConditionEvaluationDeltaLoggingListener : Condition evaluation unchanged
[2025-02-11 16:30:49.486]  INFO 12320 --- [  restartedMain] k.c.g.SpringProject4Application          : 스프링 프로젝트가 성공적으로 시작되었습니다.
